<?xml version="1.0" encoding="UTF-8"?>
<testsuite name="org.morgorithm.frames.demo.DemoData" tests="1" skipped="0" failures="0" errors="0" timestamp="2021-08-28T11:59:20" hostname="DESKTOP-KCDHFKO" time="4.288">
  <properties/>
  <testcase name="insertStatusData()" classname="org.morgorithm.frames.demo.DemoData" time="4.288"/>
  <system-out><![CDATA[20:59:04.846 [Test worker] DEBUG org.springframework.test.context.BootstrapUtils - Instantiating CacheAwareContextLoaderDelegate from class [org.springframework.test.context.cache.DefaultCacheAwareContextLoaderDelegate]
20:59:04.875 [Test worker] DEBUG org.springframework.test.context.BootstrapUtils - Instantiating BootstrapContext using constructor [public org.springframework.test.context.support.DefaultBootstrapContext(java.lang.Class,org.springframework.test.context.CacheAwareContextLoaderDelegate)]
20:59:04.937 [Test worker] DEBUG org.springframework.test.context.BootstrapUtils - Instantiating TestContextBootstrapper for test class [org.morgorithm.frames.demo.DemoData] from class [org.springframework.boot.test.context.SpringBootTestContextBootstrapper]
20:59:04.961 [Test worker] INFO org.springframework.boot.test.context.SpringBootTestContextBootstrapper - Neither @ContextConfiguration nor @ContextHierarchy found for test class [org.morgorithm.frames.demo.DemoData], using SpringBootContextLoader
20:59:04.971 [Test worker] DEBUG org.springframework.test.context.support.AbstractContextLoader - Did not detect default resource location for test class [org.morgorithm.frames.demo.DemoData]: class path resource [org/morgorithm/frames/demo/DemoData-context.xml] does not exist
20:59:04.973 [Test worker] DEBUG org.springframework.test.context.support.AbstractContextLoader - Did not detect default resource location for test class [org.morgorithm.frames.demo.DemoData]: class path resource [org/morgorithm/frames/demo/DemoDataContext.groovy] does not exist
20:59:04.974 [Test worker] INFO org.springframework.test.context.support.AbstractContextLoader - Could not detect default resource locations for test class [org.morgorithm.frames.demo.DemoData]: no resource found for suffixes {-context.xml, Context.groovy}.
20:59:04.976 [Test worker] INFO org.springframework.test.context.support.AnnotationConfigContextLoaderUtils - Could not detect default configuration classes for test class [org.morgorithm.frames.demo.DemoData]: DemoData does not declare any static, non-private, non-final, nested classes annotated with @Configuration.
20:59:05.080 [Test worker] DEBUG org.springframework.test.context.support.ActiveProfilesUtils - Could not find an 'annotation declaring class' for annotation type [org.springframework.test.context.ActiveProfiles] and class [org.morgorithm.frames.demo.DemoData]
20:59:05.242 [Test worker] DEBUG org.springframework.context.annotation.ClassPathScanningCandidateComponentProvider - Identified candidate component class: file [C:\Users\nick1\kpu\testFrames\frames-web-server\build\classes\java\main\org\morgorithm\frames\FramesApplication.class]
20:59:05.247 [Test worker] INFO org.springframework.boot.test.context.SpringBootTestContextBootstrapper - Found @SpringBootConfiguration org.morgorithm.frames.FramesApplication for test class org.morgorithm.frames.demo.DemoData
20:59:05.636 [Test worker] DEBUG org.springframework.boot.test.context.SpringBootTestContextBootstrapper - @TestExecutionListeners is not present for class [org.morgorithm.frames.demo.DemoData]: using defaults.
20:59:05.638 [Test worker] INFO org.springframework.boot.test.context.SpringBootTestContextBootstrapper - Loaded default TestExecutionListener class names from location [META-INF/spring.factories]: [org.springframework.boot.test.autoconfigure.restdocs.RestDocsTestExecutionListener, org.springframework.boot.test.autoconfigure.web.client.MockRestServiceServerResetTestExecutionListener, org.springframework.boot.test.autoconfigure.web.servlet.MockMvcPrintOnlyOnFailureTestExecutionListener, org.springframework.boot.test.autoconfigure.web.servlet.WebDriverTestExecutionListener, org.springframework.boot.test.autoconfigure.webservices.client.MockWebServiceServerTestExecutionListener, org.springframework.boot.test.mock.mockito.MockitoTestExecutionListener, org.springframework.boot.test.mock.mockito.ResetMocksTestExecutionListener, org.springframework.test.context.web.ServletTestExecutionListener, org.springframework.test.context.support.DirtiesContextBeforeModesTestExecutionListener, org.springframework.test.context.event.ApplicationEventsTestExecutionListener, org.springframework.test.context.support.DependencyInjectionTestExecutionListener, org.springframework.test.context.support.DirtiesContextTestExecutionListener, org.springframework.test.context.transaction.TransactionalTestExecutionListener, org.springframework.test.context.jdbc.SqlScriptsTestExecutionListener, org.springframework.test.context.event.EventPublishingTestExecutionListener]
20:59:05.690 [Test worker] INFO org.springframework.boot.test.context.SpringBootTestContextBootstrapper - Using TestExecutionListeners: [org.springframework.test.context.web.ServletTestExecutionListener@caa9cd0, org.springframework.test.context.support.DirtiesContextBeforeModesTestExecutionListener@3abe3707, org.springframework.test.context.event.ApplicationEventsTestExecutionListener@4b8a50e6, org.springframework.boot.test.mock.mockito.MockitoTestExecutionListener@8c97e06, org.springframework.boot.test.autoconfigure.SpringBootDependencyInjectionTestExecutionListener@50dd2fd3, org.springframework.test.context.support.DirtiesContextTestExecutionListener@1b902cc0, org.springframework.test.context.transaction.TransactionalTestExecutionListener@2044234, org.springframework.test.context.jdbc.SqlScriptsTestExecutionListener@417e253c, org.springframework.test.context.event.EventPublishingTestExecutionListener@78642977, org.springframework.boot.test.autoconfigure.restdocs.RestDocsTestExecutionListener@6208fc97, org.springframework.boot.test.autoconfigure.web.client.MockRestServiceServerResetTestExecutionListener@42bd1700, org.springframework.boot.test.autoconfigure.web.servlet.MockMvcPrintOnlyOnFailureTestExecutionListener@72da8dae, org.springframework.boot.test.autoconfigure.web.servlet.WebDriverTestExecutionListener@2bac3d13, org.springframework.boot.test.autoconfigure.webservices.client.MockWebServiceServerTestExecutionListener@ee590b5, org.springframework.boot.test.mock.mockito.ResetMocksTestExecutionListener@244a937e]
20:59:05.700 [Test worker] DEBUG org.springframework.test.context.support.AbstractDirtiesContextTestExecutionListener - Before test class: context [DefaultTestContext@7b1db1b3 testClass = DemoData, testInstance = [null], testMethod = [null], testException = [null], mergedContextConfiguration = [WebMergedContextConfiguration@6e23ba4a testClass = DemoData, locations = '{}', classes = '{class org.morgorithm.frames.FramesApplication}', contextInitializerClasses = '[]', activeProfiles = '{}', propertySourceLocations = '{}', propertySourceProperties = '{org.springframework.boot.test.context.SpringBootTestContextBootstrapper=true}', contextCustomizers = set[org.springframework.boot.test.autoconfigure.actuate.metrics.MetricsExportContextCustomizerFactory$DisableMetricExportContextCustomizer@3f595303, org.springframework.boot.test.autoconfigure.properties.PropertyMappingContextCustomizer@0, org.springframework.boot.test.autoconfigure.web.servlet.WebDriverContextCustomizerFactory$Customizer@39ee31a9, org.springframework.boot.test.context.filter.ExcludeFilterContextCustomizer@7ebeb87e, org.springframework.boot.test.json.DuplicateJsonObjectContextCustomizerFactory$DuplicateJsonObjectContextCustomizer@4fb4f81a, org.springframework.boot.test.mock.mockito.MockitoContextCustomizer@0, org.springframework.boot.test.web.client.TestRestTemplateContextCustomizer@4c51a21a, org.springframework.boot.test.context.SpringBootTestArgs@1, org.springframework.boot.test.context.SpringBootTestWebEnvironment@11d6dc05], resourceBasePath = 'src/main/webapp', contextLoader = 'org.springframework.boot.test.context.SpringBootContextLoader', parent = [null]], attributes = map['org.springframework.test.context.web.ServletTestExecutionListener.activateListener' -> true]], class annotated with @DirtiesContext [false] with mode [null].
20:59:05.770 [Test worker] DEBUG org.springframework.test.context.support.TestPropertySourceUtils - Adding inlined properties to environment: {spring.jmx.enabled=false, org.springframework.boot.test.context.SpringBootTestContextBootstrapper=true}

  .   ____          _            __ _ _
 /\\ / ___'_ __ _ _(_)_ __  __ _ \ \ \ \
( ( )\___ | '_ | '_| | '_ \/ _` | \ \ \ \
 \\/  ___)| |_)| | | | | || (_| |  ) ) ) )
  '  |____| .__|_| |_|_| |_\__, | / / / /
 =========|_|==============|___/=/_/_/_/
 :: Spring Boot ::                (v2.4.2)

2021-08-28 20:59:06.302  WARN 24624 --- [    Test worker] ory$DuplicateJsonObjectContextCustomizer : 

Found multiple occurrences of org.json.JSONObject on the class path:

	jar:file:/C:/Users/nick1/.gradle/caches/modules-2/files-2.1/org.json/json/20210307/528c8df3757e8bcf151817b1d7b9b434f6aa08d5/json-20210307.jar!/org/json/JSONObject.class
	jar:file:/C:/Users/nick1/.gradle/caches/modules-2/files-2.1/com.vaadin.external.google/android-json/0.0.20131108.vaadin1/fa26d351fe62a6a17f5cda1287c1c6110dec413f/android-json-0.0.20131108.vaadin1.jar!/org/json/JSONObject.class

You may wish to exclude one of them to ensure predictable runtime behavior

2021-08-28 20:59:06.333  INFO 24624 --- [    Test worker] org.morgorithm.frames.demo.DemoData      : Starting DemoData using Java 11.0.9 on DESKTOP-KCDHFKO with PID 24624 (started by nick1 in C:\Users\nick1\kpu\testFrames\frames-web-server)
2021-08-28 20:59:06.335  INFO 24624 --- [    Test worker] org.morgorithm.frames.demo.DemoData      : No active profile set, falling back to default profiles: default
2021-08-28 20:59:09.132  INFO 24624 --- [    Test worker] .s.d.r.c.RepositoryConfigurationDelegate : Bootstrapping Spring Data JPA repositories in DEFAULT mode.
2021-08-28 20:59:09.420  INFO 24624 --- [    Test worker] .s.d.r.c.RepositoryConfigurationDelegate : Finished Spring Data repository scanning in 269 ms. Found 7 JPA repository interfaces.
2021-08-28 20:59:10.086  INFO 24624 --- [    Test worker] trationDelegate$BeanPostProcessorChecker : Bean '(inner bean)#1fa1b684' of type [com.amazonaws.auth.EC2ContainerCredentialsProviderWrapper] is not eligible for getting processed by all BeanPostProcessors (for example: not eligible for auto-proxying)
2021-08-28 20:59:10.120  INFO 24624 --- [    Test worker] trationDelegate$BeanPostProcessorChecker : Bean '(inner bean)#2887c77e' of type [com.amazonaws.auth.profile.ProfileCredentialsProvider] is not eligible for getting processed by all BeanPostProcessors (for example: not eligible for auto-proxying)
2021-08-28 20:59:10.144  INFO 24624 --- [    Test worker] trationDelegate$BeanPostProcessorChecker : Bean 'credentialsProvider' of type [org.springframework.cloud.aws.core.credentials.CredentialsProviderFactoryBean] is not eligible for getting processed by all BeanPostProcessors (for example: not eligible for auto-proxying)
2021-08-28 20:59:10.145  INFO 24624 --- [    Test worker] trationDelegate$BeanPostProcessorChecker : Bean 'credentialsProvider' of type [com.amazonaws.auth.AWSCredentialsProviderChain] is not eligible for getting processed by all BeanPostProcessors (for example: not eligible for auto-proxying)
2021-08-28 20:59:10.916  INFO 24624 --- [    Test worker] o.hibernate.jpa.internal.util.LogHelper  : HHH000204: Processing PersistenceUnitInfo [name: default]
2021-08-28 20:59:11.066  INFO 24624 --- [    Test worker] org.hibernate.Version                    : HHH000412: Hibernate ORM core version 5.4.27.Final
2021-08-28 20:59:11.365  INFO 24624 --- [    Test worker] o.hibernate.annotations.common.Version   : HCANN000001: Hibernate Commons Annotations {5.1.2.Final}
2021-08-28 20:59:11.648  INFO 24624 --- [    Test worker] com.zaxxer.hikari.HikariDataSource       : HikariPool-1 - Starting...
2021-08-28 20:59:12.289  INFO 24624 --- [    Test worker] com.zaxxer.hikari.HikariDataSource       : HikariPool-1 - Start completed.
2021-08-28 20:59:12.367  INFO 24624 --- [    Test worker] org.hibernate.dialect.Dialect            : HHH000400: Using dialect: org.hibernate.dialect.MySQL8Dialect
2021-08-28 20:59:14.331  INFO 24624 --- [    Test worker] o.h.e.t.j.p.i.JtaPlatformInitiator       : HHH000490: Using JtaPlatform implementation: [org.hibernate.engine.transaction.jta.platform.internal.NoJtaPlatform]
2021-08-28 20:59:14.347  INFO 24624 --- [    Test worker] j.LocalContainerEntityManagerFactoryBean : Initialized JPA EntityManagerFactory for persistence unit 'default'
2021-08-28 20:59:17.640  WARN 24624 --- [    Test worker] JpaBaseConfiguration$JpaWebConfiguration : spring.jpa.open-in-view is enabled by default. Therefore, database queries may be performed during view rendering. Explicitly configure spring.jpa.open-in-view to disable this warning
2021-08-28 20:59:18.285  INFO 24624 --- [    Test worker] o.s.s.concurrent.ThreadPoolTaskExecutor  : Initializing ExecutorService 'applicationTaskExecutor'
2021-08-28 20:59:18.553  INFO 24624 --- [    Test worker] o.s.b.a.w.s.WelcomePageHandlerMapping    : Adding welcome page: class path resource [static/index.html]
2021-08-28 20:59:19.308  INFO 24624 --- [    Test worker] o.s.s.c.ThreadPoolTaskScheduler          : Initializing ExecutorService 'taskScheduler'
2021-08-28 20:59:20.549  INFO 24624 --- [    Test worker] org.morgorithm.frames.demo.DemoData      : Started DemoData in 14.767 seconds (JVM running for 18.394)
2021-08-28 20:59:20.617  INFO 24624 --- [    Test worker] o.s.t.c.transaction.TransactionContext   : Began transaction (1) for test context [DefaultTestContext@7b1db1b3 testClass = DemoData, testInstance = org.morgorithm.frames.demo.DemoData@1a0e0624, testMethod = insertStatusData@DemoData, testException = [null], mergedContextConfiguration = [WebMergedContextConfiguration@6e23ba4a testClass = DemoData, locations = '{}', classes = '{class org.morgorithm.frames.FramesApplication}', contextInitializerClasses = '[]', activeProfiles = '{}', propertySourceLocations = '{}', propertySourceProperties = '{org.springframework.boot.test.context.SpringBootTestContextBootstrapper=true}', contextCustomizers = set[org.springframework.boot.test.autoconfigure.actuate.metrics.MetricsExportContextCustomizerFactory$DisableMetricExportContextCustomizer@3f595303, org.springframework.boot.test.autoconfigure.properties.PropertyMappingContextCustomizer@0, org.springframework.boot.test.autoconfigure.web.servlet.WebDriverContextCustomizerFactory$Customizer@39ee31a9, org.springframework.boot.test.context.filter.ExcludeFilterContextCustomizer@7ebeb87e, org.springframework.boot.test.json.DuplicateJsonObjectContextCustomizerFactory$DuplicateJsonObjectContextCustomizer@4fb4f81a, org.springframework.boot.test.mock.mockito.MockitoContextCustomizer@0, org.springframework.boot.test.web.client.TestRestTemplateContextCustomizer@4c51a21a, org.springframework.boot.test.context.SpringBootTestArgs@1, org.springframework.boot.test.context.SpringBootTestWebEnvironment@11d6dc05], resourceBasePath = 'src/main/webapp', contextLoader = 'org.springframework.boot.test.context.SpringBootContextLoader', parent = [null]], attributes = map['org.springframework.test.context.web.ServletTestExecutionListener.activateListener' -> true, 'org.springframework.test.context.web.ServletTestExecutionListener.populatedRequestContextHolder' -> true, 'org.springframework.test.context.web.ServletTestExecutionListener.resetRequestContextHolder' -> true, 'org.springframework.test.context.event.ApplicationEventsTestExecutionListener.recordApplicationEvents' -> false]]; transaction manager [org.springframework.orm.jpa.JpaTransactionManager@725c100e]; rollback [false]
mno:Member(mno=1, name=null, phone=null)
building:Facility(bno=3, building=building3)
status:true
temperature35.5
mno:Member(mno=1, name=null, phone=null)
building:Facility(bno=3, building=building3)
status:true
temperature35.5
mno:Member(mno=1, name=null, phone=null)
building:Facility(bno=3, building=building3)
status:false
temperature36.9
mno:Member(mno=1, name=null, phone=null)
building:Facility(bno=3, building=building3)
status:true
temperature35.5
mno:Member(mno=1, name=null, phone=null)
building:Facility(bno=3, building=building3)
status:false
temperature36.9
mno:Member(mno=1, name=null, phone=null)
building:Facility(bno=10, building=building10)
status:true
temperature37.3
mno:Member(mno=1, name=null, phone=null)
building:Facility(bno=3, building=building3)
status:true
temperature35.5
mno:Member(mno=1, name=null, phone=null)
building:Facility(bno=3, building=building3)
status:false
temperature36.9
mno:Member(mno=1, name=null, phone=null)
building:Facility(bno=10, building=building10)
status:true
temperature37.3
mno:Member(mno=1, name=null, phone=null)
building:Facility(bno=10, building=building10)
status:false
temperature36.7
mno:Member(mno=1, name=null, phone=null)
building:Facility(bno=3, building=building3)
status:true
temperature35.5
mno:Member(mno=1, name=null, phone=null)
building:Facility(bno=3, building=building3)
status:false
temperature36.9
mno:Member(mno=1, name=null, phone=null)
building:Facility(bno=10, building=building10)
status:true
temperature37.3
mno:Member(mno=1, name=null, phone=null)
building:Facility(bno=10, building=building10)
status:false
temperature36.7
mno:Member(mno=1, name=null, phone=null)
building:Facility(bno=6, building=building6)
status:true
temperature35.9
mno:Member(mno=1, name=null, phone=null)
building:Facility(bno=3, building=building3)
status:true
temperature35.5
mno:Member(mno=1, name=null, phone=null)
building:Facility(bno=3, building=building3)
status:false
temperature36.9
mno:Member(mno=1, name=null, phone=null)
building:Facility(bno=10, building=building10)
status:true
temperature37.3
mno:Member(mno=1, name=null, phone=null)
building:Facility(bno=10, building=building10)
status:false
temperature36.7
mno:Member(mno=1, name=null, phone=null)
building:Facility(bno=6, building=building6)
status:true
temperature35.9
mno:Member(mno=1, name=null, phone=null)
building:Facility(bno=6, building=building6)
status:false
temperature36.8
mno:Member(mno=1, name=null, phone=null)
building:Facility(bno=3, building=building3)
status:true
temperature35.5
mno:Member(mno=1, name=null, phone=null)
building:Facility(bno=3, building=building3)
status:false
temperature36.9
mno:Member(mno=1, name=null, phone=null)
building:Facility(bno=10, building=building10)
status:true
temperature37.3
mno:Member(mno=1, name=null, phone=null)
building:Facility(bno=10, building=building10)
status:false
temperature36.7
mno:Member(mno=1, name=null, phone=null)
building:Facility(bno=6, building=building6)
status:true
temperature35.9
mno:Member(mno=1, name=null, phone=null)
building:Facility(bno=6, building=building6)
status:false
temperature36.8
mno:Member(mno=1, name=null, phone=null)
building:Facility(bno=8, building=building8)
status:true
temperature36.6
mno:Member(mno=1, name=null, phone=null)
building:Facility(bno=3, building=building3)
status:true
temperature35.5
mno:Member(mno=1, name=null, phone=null)
building:Facility(bno=3, building=building3)
status:false
temperature36.9
mno:Member(mno=1, name=null, phone=null)
building:Facility(bno=10, building=building10)
status:true
temperature37.3
mno:Member(mno=1, name=null, phone=null)
building:Facility(bno=10, building=building10)
status:false
temperature36.7
mno:Member(mno=1, name=null, phone=null)
building:Facility(bno=6, building=building6)
status:true
temperature35.9
mno:Member(mno=1, name=null, phone=null)
building:Facility(bno=6, building=building6)
status:false
temperature36.8
mno:Member(mno=1, name=null, phone=null)
building:Facility(bno=8, building=building8)
status:true
temperature36.6
mno:Member(mno=1, name=null, phone=null)
building:Facility(bno=8, building=building8)
status:false
temperature37.3
mno:Member(mno=1, name=null, phone=null)
building:Facility(bno=3, building=building3)
status:true
temperature35.5
mno:Member(mno=1, name=null, phone=null)
building:Facility(bno=3, building=building3)
status:false
temperature36.9
mno:Member(mno=1, name=null, phone=null)
building:Facility(bno=10, building=building10)
status:true
temperature37.3
mno:Member(mno=1, name=null, phone=null)
building:Facility(bno=10, building=building10)
status:false
temperature36.7
mno:Member(mno=1, name=null, phone=null)
building:Facility(bno=6, building=building6)
status:true
temperature35.9
mno:Member(mno=1, name=null, phone=null)
building:Facility(bno=6, building=building6)
status:false
temperature36.8
mno:Member(mno=1, name=null, phone=null)
building:Facility(bno=8, building=building8)
status:true
temperature36.6
mno:Member(mno=1, name=null, phone=null)
building:Facility(bno=8, building=building8)
status:false
temperature37.3
mno:Member(mno=1, name=null, phone=null)
building:Facility(bno=1, building=building1)
status:true
temperature37.2
mno:Member(mno=1, name=null, phone=null)
building:Facility(bno=3, building=building3)
status:true
temperature35.5
mno:Member(mno=1, name=null, phone=null)
building:Facility(bno=3, building=building3)
status:false
temperature36.9
mno:Member(mno=1, name=null, phone=null)
building:Facility(bno=10, building=building10)
status:true
temperature37.3
mno:Member(mno=1, name=null, phone=null)
building:Facility(bno=10, building=building10)
status:false
temperature36.7
mno:Member(mno=1, name=null, phone=null)
building:Facility(bno=6, building=building6)
status:true
temperature35.9
mno:Member(mno=1, name=null, phone=null)
building:Facility(bno=6, building=building6)
status:false
temperature36.8
mno:Member(mno=1, name=null, phone=null)
building:Facility(bno=8, building=building8)
status:true
temperature36.6
mno:Member(mno=1, name=null, phone=null)
building:Facility(bno=8, building=building8)
status:false
temperature37.3
mno:Member(mno=1, name=null, phone=null)
building:Facility(bno=1, building=building1)
status:true
temperature37.2
mno:Member(mno=1, name=null, phone=null)
building:Facility(bno=1, building=building1)
status:false
temperature35.3
mno:Member(mno=1, name=null, phone=null)
building:Facility(bno=3, building=building3)
status:true
temperature35.5
mno:Member(mno=1, name=null, phone=null)
building:Facility(bno=3, building=building3)
status:false
temperature36.9
mno:Member(mno=1, name=null, phone=null)
building:Facility(bno=10, building=building10)
status:true
temperature37.3
mno:Member(mno=1, name=null, phone=null)
building:Facility(bno=10, building=building10)
status:false
temperature36.7
mno:Member(mno=1, name=null, phone=null)
building:Facility(bno=6, building=building6)
status:true
temperature35.9
mno:Member(mno=1, name=null, phone=null)
building:Facility(bno=6, building=building6)
status:false
temperature36.8
mno:Member(mno=1, name=null, phone=null)
building:Facility(bno=8, building=building8)
status:true
temperature36.6
mno:Member(mno=1, name=null, phone=null)
building:Facility(bno=8, building=building8)
status:false
temperature37.3
mno:Member(mno=1, name=null, phone=null)
building:Facility(bno=1, building=building1)
status:true
temperature37.2
mno:Member(mno=1, name=null, phone=null)
building:Facility(bno=1, building=building1)
status:false
temperature35.3
mno:Member(mno=1, name=null, phone=null)
building:Facility(bno=9, building=building9)
status:true
temperature35.3
mno:Member(mno=1, name=null, phone=null)
building:Facility(bno=3, building=building3)
status:true
temperature35.5
mno:Member(mno=1, name=null, phone=null)
building:Facility(bno=3, building=building3)
status:false
temperature36.9
mno:Member(mno=1, name=null, phone=null)
building:Facility(bno=10, building=building10)
status:true
temperature37.3
mno:Member(mno=1, name=null, phone=null)
building:Facility(bno=10, building=building10)
status:false
temperature36.7
mno:Member(mno=1, name=null, phone=null)
building:Facility(bno=6, building=building6)
status:true
temperature35.9
mno:Member(mno=1, name=null, phone=null)
building:Facility(bno=6, building=building6)
status:false
temperature36.8
mno:Member(mno=1, name=null, phone=null)
building:Facility(bno=8, building=building8)
status:true
temperature36.6
mno:Member(mno=1, name=null, phone=null)
building:Facility(bno=8, building=building8)
status:false
temperature37.3
mno:Member(mno=1, name=null, phone=null)
building:Facility(bno=1, building=building1)
status:true
temperature37.2
mno:Member(mno=1, name=null, phone=null)
building:Facility(bno=1, building=building1)
status:false
temperature35.3
mno:Member(mno=1, name=null, phone=null)
building:Facility(bno=9, building=building9)
status:true
temperature35.3
mno:Member(mno=1, name=null, phone=null)
building:Facility(bno=9, building=building9)
status:false
temperature35.1
mno:Member(mno=1, name=null, phone=null)
building:Facility(bno=3, building=building3)
status:true
temperature35.5
mno:Member(mno=1, name=null, phone=null)
building:Facility(bno=3, building=building3)
status:false
temperature36.9
mno:Member(mno=1, name=null, phone=null)
building:Facility(bno=10, building=building10)
status:true
temperature37.3
mno:Member(mno=1, name=null, phone=null)
building:Facility(bno=10, building=building10)
status:false
temperature36.7
mno:Member(mno=1, name=null, phone=null)
building:Facility(bno=6, building=building6)
status:true
temperature35.9
mno:Member(mno=1, name=null, phone=null)
building:Facility(bno=6, building=building6)
status:false
temperature36.8
mno:Member(mno=1, name=null, phone=null)
building:Facility(bno=8, building=building8)
status:true
temperature36.6
mno:Member(mno=1, name=null, phone=null)
building:Facility(bno=8, building=building8)
status:false
temperature37.3
mno:Member(mno=1, name=null, phone=null)
building:Facility(bno=1, building=building1)
status:true
temperature37.2
mno:Member(mno=1, name=null, phone=null)
building:Facility(bno=1, building=building1)
status:false
temperature35.3
mno:Member(mno=1, name=null, phone=null)
building:Facility(bno=9, building=building9)
status:true
temperature35.3
mno:Member(mno=1, name=null, phone=null)
building:Facility(bno=9, building=building9)
status:false
temperature35.1
mno:Member(mno=1, name=null, phone=null)
building:Facility(bno=5, building=building5)
status:true
temperature35.0
mno:Member(mno=1, name=null, phone=null)
building:Facility(bno=3, building=building3)
status:true
temperature35.5
mno:Member(mno=1, name=null, phone=null)
building:Facility(bno=3, building=building3)
status:false
temperature36.9
mno:Member(mno=1, name=null, phone=null)
building:Facility(bno=10, building=building10)
status:true
temperature37.3
mno:Member(mno=1, name=null, phone=null)
building:Facility(bno=10, building=building10)
status:false
temperature36.7
mno:Member(mno=1, name=null, phone=null)
building:Facility(bno=6, building=building6)
status:true
temperature35.9
mno:Member(mno=1, name=null, phone=null)
building:Facility(bno=6, building=building6)
status:false
temperature36.8
mno:Member(mno=1, name=null, phone=null)
building:Facility(bno=8, building=building8)
status:true
temperature36.6
mno:Member(mno=1, name=null, phone=null)
building:Facility(bno=8, building=building8)
status:false
temperature37.3
mno:Member(mno=1, name=null, phone=null)
building:Facility(bno=1, building=building1)
status:true
temperature37.2
mno:Member(mno=1, name=null, phone=null)
building:Facility(bno=1, building=building1)
status:false
temperature35.3
mno:Member(mno=1, name=null, phone=null)
building:Facility(bno=9, building=building9)
status:true
temperature35.3
mno:Member(mno=1, name=null, phone=null)
building:Facility(bno=9, building=building9)
status:false
temperature35.1
mno:Member(mno=1, name=null, phone=null)
building:Facility(bno=5, building=building5)
status:true
temperature35.0
mno:Member(mno=1, name=null, phone=null)
building:Facility(bno=5, building=building5)
status:false
temperature35.1
mno:Member(mno=1, name=null, phone=null)
building:Facility(bno=3, building=building3)
status:true
temperature35.5
mno:Member(mno=1, name=null, phone=null)
building:Facility(bno=3, building=building3)
status:false
temperature36.9
mno:Member(mno=1, name=null, phone=null)
building:Facility(bno=10, building=building10)
status:true
temperature37.3
mno:Member(mno=1, name=null, phone=null)
building:Facility(bno=10, building=building10)
status:false
temperature36.7
mno:Member(mno=1, name=null, phone=null)
building:Facility(bno=6, building=building6)
status:true
temperature35.9
mno:Member(mno=1, name=null, phone=null)
building:Facility(bno=6, building=building6)
status:false
temperature36.8
mno:Member(mno=1, name=null, phone=null)
building:Facility(bno=8, building=building8)
status:true
temperature36.6
mno:Member(mno=1, name=null, phone=null)
building:Facility(bno=8, building=building8)
status:false
temperature37.3
mno:Member(mno=1, name=null, phone=null)
building:Facility(bno=1, building=building1)
status:true
temperature37.2
mno:Member(mno=1, name=null, phone=null)
building:Facility(bno=1, building=building1)
status:false
temperature35.3
mno:Member(mno=1, name=null, phone=null)
building:Facility(bno=9, building=building9)
status:true
temperature35.3
mno:Member(mno=1, name=null, phone=null)
building:Facility(bno=9, building=building9)
status:false
temperature35.1
mno:Member(mno=1, name=null, phone=null)
building:Facility(bno=5, building=building5)
status:true
temperature35.0
mno:Member(mno=1, name=null, phone=null)
building:Facility(bno=5, building=building5)
status:false
temperature35.1
mno:Member(mno=1, name=null, phone=null)
building:Facility(bno=7, building=building7)
status:true
temperature36.3
mno:Member(mno=2, name=null, phone=null)
building:Facility(bno=10, building=building10)
status:true
temperature35.0
mno:Member(mno=2, name=null, phone=null)
building:Facility(bno=10, building=building10)
status:true
temperature35.0
mno:Member(mno=2, name=null, phone=null)
building:Facility(bno=10, building=building10)
status:false
temperature35.2
mno:Member(mno=2, name=null, phone=null)
building:Facility(bno=10, building=building10)
status:true
temperature35.0
mno:Member(mno=2, name=null, phone=null)
building:Facility(bno=10, building=building10)
status:false
temperature35.2
mno:Member(mno=2, name=null, phone=null)
building:Facility(bno=2, building=building2)
status:true
temperature35.4
mno:Member(mno=2, name=null, phone=null)
building:Facility(bno=10, building=building10)
status:true
temperature35.0
mno:Member(mno=2, name=null, phone=null)
building:Facility(bno=10, building=building10)
status:false
temperature35.2
mno:Member(mno=2, name=null, phone=null)
building:Facility(bno=2, building=building2)
status:true
temperature35.4
mno:Member(mno=2, name=null, phone=null)
building:Facility(bno=2, building=building2)
status:false
temperature37.1
mno:Member(mno=2, name=null, phone=null)
building:Facility(bno=10, building=building10)
status:true
temperature35.0
mno:Member(mno=2, name=null, phone=null)
building:Facility(bno=10, building=building10)
status:false
temperature35.2
mno:Member(mno=2, name=null, phone=null)
building:Facility(bno=2, building=building2)
status:true
temperature35.4
mno:Member(mno=2, name=null, phone=null)
building:Facility(bno=2, building=building2)
status:false
temperature37.1
mno:Member(mno=2, name=null, phone=null)
building:Facility(bno=5, building=building5)
status:true
temperature35.1
mno:Member(mno=2, name=null, phone=null)
building:Facility(bno=10, building=building10)
status:true
temperature35.0
mno:Member(mno=2, name=null, phone=null)
building:Facility(bno=10, building=building10)
status:false
temperature35.2
mno:Member(mno=2, name=null, phone=null)
building:Facility(bno=2, building=building2)
status:true
temperature35.4
mno:Member(mno=2, name=null, phone=null)
building:Facility(bno=2, building=building2)
status:false
temperature37.1
mno:Member(mno=2, name=null, phone=null)
building:Facility(bno=5, building=building5)
status:true
temperature35.1
mno:Member(mno=2, name=null, phone=null)
building:Facility(bno=5, building=building5)
status:false
temperature37.2
mno:Member(mno=2, name=null, phone=null)
building:Facility(bno=10, building=building10)
status:true
temperature35.0
mno:Member(mno=2, name=null, phone=null)
building:Facility(bno=10, building=building10)
status:false
temperature35.2
mno:Member(mno=2, name=null, phone=null)
building:Facility(bno=2, building=building2)
status:true
temperature35.4
mno:Member(mno=2, name=null, phone=null)
building:Facility(bno=2, building=building2)
status:false
temperature37.1
mno:Member(mno=2, name=null, phone=null)
building:Facility(bno=5, building=building5)
status:true
temperature35.1
mno:Member(mno=2, name=null, phone=null)
building:Facility(bno=5, building=building5)
status:false
temperature37.2
mno:Member(mno=2, name=null, phone=null)
building:Facility(bno=9, building=building9)
status:true
temperature35.3
mno:Member(mno=2, name=null, phone=null)
building:Facility(bno=10, building=building10)
status:true
temperature35.0
mno:Member(mno=2, name=null, phone=null)
building:Facility(bno=10, building=building10)
status:false
temperature35.2
mno:Member(mno=2, name=null, phone=null)
building:Facility(bno=2, building=building2)
status:true
temperature35.4
mno:Member(mno=2, name=null, phone=null)
building:Facility(bno=2, building=building2)
status:false
temperature37.1
mno:Member(mno=2, name=null, phone=null)
building:Facility(bno=5, building=building5)
status:true
temperature35.1
mno:Member(mno=2, name=null, phone=null)
building:Facility(bno=5, building=building5)
status:false
temperature37.2
mno:Member(mno=2, name=null, phone=null)
building:Facility(bno=9, building=building9)
status:true
temperature35.3
mno:Member(mno=2, name=null, phone=null)
building:Facility(bno=9, building=building9)
status:false
temperature36.2
mno:Member(mno=2, name=null, phone=null)
building:Facility(bno=10, building=building10)
status:true
temperature35.0
mno:Member(mno=2, name=null, phone=null)
building:Facility(bno=10, building=building10)
status:false
temperature35.2
mno:Member(mno=2, name=null, phone=null)
building:Facility(bno=2, building=building2)
status:true
temperature35.4
mno:Member(mno=2, name=null, phone=null)
building:Facility(bno=2, building=building2)
status:false
temperature37.1
mno:Member(mno=2, name=null, phone=null)
building:Facility(bno=5, building=building5)
status:true
temperature35.1
mno:Member(mno=2, name=null, phone=null)
building:Facility(bno=5, building=building5)
status:false
temperature37.2
mno:Member(mno=2, name=null, phone=null)
building:Facility(bno=9, building=building9)
status:true
temperature35.3
mno:Member(mno=2, name=null, phone=null)
building:Facility(bno=9, building=building9)
status:false
temperature36.2
mno:Member(mno=2, name=null, phone=null)
building:Facility(bno=9, building=building9)
status:true
temperature35.1
mno:Member(mno=2, name=null, phone=null)
building:Facility(bno=10, building=building10)
status:true
temperature35.0
mno:Member(mno=2, name=null, phone=null)
building:Facility(bno=10, building=building10)
status:false
temperature35.2
mno:Member(mno=2, name=null, phone=null)
building:Facility(bno=2, building=building2)
status:true
temperature35.4
mno:Member(mno=2, name=null, phone=null)
building:Facility(bno=2, building=building2)
status:false
temperature37.1
mno:Member(mno=2, name=null, phone=null)
building:Facility(bno=5, building=building5)
status:true
temperature35.1
mno:Member(mno=2, name=null, phone=null)
building:Facility(bno=5, building=building5)
status:false
temperature37.2
mno:Member(mno=2, name=null, phone=null)
building:Facility(bno=9, building=building9)
status:true
temperature35.3
mno:Member(mno=2, name=null, phone=null)
building:Facility(bno=9, building=building9)
status:false
temperature36.2
mno:Member(mno=2, name=null, phone=null)
building:Facility(bno=9, building=building9)
status:true
temperature35.1
mno:Member(mno=2, name=null, phone=null)
building:Facility(bno=9, building=building9)
status:false
temperature36.7
mno:Member(mno=2, name=null, phone=null)
building:Facility(bno=10, building=building10)
status:true
temperature35.0
mno:Member(mno=2, name=null, phone=null)
building:Facility(bno=10, building=building10)
status:false
temperature35.2
mno:Member(mno=2, name=null, phone=null)
building:Facility(bno=2, building=building2)
status:true
temperature35.4
mno:Member(mno=2, name=null, phone=null)
building:Facility(bno=2, building=building2)
status:false
temperature37.1
mno:Member(mno=2, name=null, phone=null)
building:Facility(bno=5, building=building5)
status:true
temperature35.1
mno:Member(mno=2, name=null, phone=null)
building:Facility(bno=5, building=building5)
status:false
temperature37.2
mno:Member(mno=2, name=null, phone=null)
building:Facility(bno=9, building=building9)
status:true
temperature35.3
mno:Member(mno=2, name=null, phone=null)
building:Facility(bno=9, building=building9)
status:false
temperature36.2
mno:Member(mno=2, name=null, phone=null)
building:Facility(bno=9, building=building9)
status:true
temperature35.1
mno:Member(mno=2, name=null, phone=null)
building:Facility(bno=9, building=building9)
status:false
temperature36.7
mno:Member(mno=2, name=null, phone=null)
building:Facility(bno=2, building=building2)
status:true
temperature35.2
mno:Member(mno=2, name=null, phone=null)
building:Facility(bno=10, building=building10)
status:true
temperature35.0
mno:Member(mno=2, name=null, phone=null)
building:Facility(bno=10, building=building10)
status:false
temperature35.2
mno:Member(mno=2, name=null, phone=null)
building:Facility(bno=2, building=building2)
status:true
temperature35.4
mno:Member(mno=2, name=null, phone=null)
building:Facility(bno=2, building=building2)
status:false
temperature37.1
mno:Member(mno=2, name=null, phone=null)
building:Facility(bno=5, building=building5)
status:true
temperature35.1
mno:Member(mno=2, name=null, phone=null)
building:Facility(bno=5, building=building5)
status:false
temperature37.2
mno:Member(mno=2, name=null, phone=null)
building:Facility(bno=9, building=building9)
status:true
temperature35.3
mno:Member(mno=2, name=null, phone=null)
building:Facility(bno=9, building=building9)
status:false
temperature36.2
mno:Member(mno=2, name=null, phone=null)
building:Facility(bno=9, building=building9)
status:true
temperature35.1
mno:Member(mno=2, name=null, phone=null)
building:Facility(bno=9, building=building9)
status:false
temperature36.7
mno:Member(mno=2, name=null, phone=null)
building:Facility(bno=2, building=building2)
status:true
temperature35.2
mno:Member(mno=2, name=null, phone=null)
building:Facility(bno=2, building=building2)
status:false
temperature35.3
mno:Member(mno=2, name=null, phone=null)
building:Facility(bno=10, building=building10)
status:true
temperature35.0
mno:Member(mno=2, name=null, phone=null)
building:Facility(bno=10, building=building10)
status:false
temperature35.2
mno:Member(mno=2, name=null, phone=null)
building:Facility(bno=2, building=building2)
status:true
temperature35.4
mno:Member(mno=2, name=null, phone=null)
building:Facility(bno=2, building=building2)
status:false
temperature37.1
mno:Member(mno=2, name=null, phone=null)
building:Facility(bno=5, building=building5)
status:true
temperature35.1
mno:Member(mno=2, name=null, phone=null)
building:Facility(bno=5, building=building5)
status:false
temperature37.2
mno:Member(mno=2, name=null, phone=null)
building:Facility(bno=9, building=building9)
status:true
temperature35.3
mno:Member(mno=2, name=null, phone=null)
building:Facility(bno=9, building=building9)
status:false
temperature36.2
mno:Member(mno=2, name=null, phone=null)
building:Facility(bno=9, building=building9)
status:true
temperature35.1
mno:Member(mno=2, name=null, phone=null)
building:Facility(bno=9, building=building9)
status:false
temperature36.7
mno:Member(mno=2, name=null, phone=null)
building:Facility(bno=2, building=building2)
status:true
temperature35.2
mno:Member(mno=2, name=null, phone=null)
building:Facility(bno=2, building=building2)
status:false
temperature35.3
mno:Member(mno=2, name=null, phone=null)
building:Facility(bno=6, building=building6)
status:true
temperature35.8
mno:Member(mno=2, name=null, phone=null)
building:Facility(bno=10, building=building10)
status:true
temperature35.0
mno:Member(mno=2, name=null, phone=null)
building:Facility(bno=10, building=building10)
status:false
temperature35.2
mno:Member(mno=2, name=null, phone=null)
building:Facility(bno=2, building=building2)
status:true
temperature35.4
mno:Member(mno=2, name=null, phone=null)
building:Facility(bno=2, building=building2)
status:false
temperature37.1
mno:Member(mno=2, name=null, phone=null)
building:Facility(bno=5, building=building5)
status:true
temperature35.1
mno:Member(mno=2, name=null, phone=null)
building:Facility(bno=5, building=building5)
status:false
temperature37.2
mno:Member(mno=2, name=null, phone=null)
building:Facility(bno=9, building=building9)
status:true
temperature35.3
mno:Member(mno=2, name=null, phone=null)
building:Facility(bno=9, building=building9)
status:false
temperature36.2
mno:Member(mno=2, name=null, phone=null)
building:Facility(bno=9, building=building9)
status:true
temperature35.1
mno:Member(mno=2, name=null, phone=null)
building:Facility(bno=9, building=building9)
status:false
temperature36.7
mno:Member(mno=2, name=null, phone=null)
building:Facility(bno=2, building=building2)
status:true
temperature35.2
mno:Member(mno=2, name=null, phone=null)
building:Facility(bno=2, building=building2)
status:false
temperature35.3
mno:Member(mno=2, name=null, phone=null)
building:Facility(bno=6, building=building6)
status:true
temperature35.8
mno:Member(mno=2, name=null, phone=null)
building:Facility(bno=6, building=building6)
status:false
temperature36.9
mno:Member(mno=2, name=null, phone=null)
building:Facility(bno=10, building=building10)
status:true
temperature35.0
mno:Member(mno=2, name=null, phone=null)
building:Facility(bno=10, building=building10)
status:false
temperature35.2
mno:Member(mno=2, name=null, phone=null)
building:Facility(bno=2, building=building2)
status:true
temperature35.4
mno:Member(mno=2, name=null, phone=null)
building:Facility(bno=2, building=building2)
status:false
temperature37.1
mno:Member(mno=2, name=null, phone=null)
building:Facility(bno=5, building=building5)
status:true
temperature35.1
mno:Member(mno=2, name=null, phone=null)
building:Facility(bno=5, building=building5)
status:false
temperature37.2
mno:Member(mno=2, name=null, phone=null)
building:Facility(bno=9, building=building9)
status:true
temperature35.3
mno:Member(mno=2, name=null, phone=null)
building:Facility(bno=9, building=building9)
status:false
temperature36.2
mno:Member(mno=2, name=null, phone=null)
building:Facility(bno=9, building=building9)
status:true
temperature35.1
mno:Member(mno=2, name=null, phone=null)
building:Facility(bno=9, building=building9)
status:false
temperature36.7
mno:Member(mno=2, name=null, phone=null)
building:Facility(bno=2, building=building2)
status:true
temperature35.2
mno:Member(mno=2, name=null, phone=null)
building:Facility(bno=2, building=building2)
status:false
temperature35.3
mno:Member(mno=2, name=null, phone=null)
building:Facility(bno=6, building=building6)
status:true
temperature35.8
mno:Member(mno=2, name=null, phone=null)
building:Facility(bno=6, building=building6)
status:false
temperature36.9
mno:Member(mno=2, name=null, phone=null)
building:Facility(bno=7, building=building7)
status:true
temperature35.4
mno:Member(mno=2, name=null, phone=null)
building:Facility(bno=10, building=building10)
status:true
temperature35.0
mno:Member(mno=2, name=null, phone=null)
building:Facility(bno=10, building=building10)
status:false
temperature35.2
mno:Member(mno=2, name=null, phone=null)
building:Facility(bno=2, building=building2)
status:true
temperature35.4
mno:Member(mno=2, name=null, phone=null)
building:Facility(bno=2, building=building2)
status:false
temperature37.1
mno:Member(mno=2, name=null, phone=null)
building:Facility(bno=5, building=building5)
status:true
temperature35.1
mno:Member(mno=2, name=null, phone=null)
building:Facility(bno=5, building=building5)
status:false
temperature37.2
mno:Member(mno=2, name=null, phone=null)
building:Facility(bno=9, building=building9)
status:true
temperature35.3
mno:Member(mno=2, name=null, phone=null)
building:Facility(bno=9, building=building9)
status:false
temperature36.2
mno:Member(mno=2, name=null, phone=null)
building:Facility(bno=9, building=building9)
status:true
temperature35.1
mno:Member(mno=2, name=null, phone=null)
building:Facility(bno=9, building=building9)
status:false
temperature36.7
mno:Member(mno=2, name=null, phone=null)
building:Facility(bno=2, building=building2)
status:true
temperature35.2
mno:Member(mno=2, name=null, phone=null)
building:Facility(bno=2, building=building2)
status:false
temperature35.3
mno:Member(mno=2, name=null, phone=null)
building:Facility(bno=6, building=building6)
status:true
temperature35.8
mno:Member(mno=2, name=null, phone=null)
building:Facility(bno=6, building=building6)
status:false
temperature36.9
mno:Member(mno=2, name=null, phone=null)
building:Facility(bno=7, building=building7)
status:true
temperature35.4
mno:Member(mno=2, name=null, phone=null)
building:Facility(bno=7, building=building7)
status:false
temperature35.0
mno:Member(mno=2, name=null, phone=null)
building:Facility(bno=10, building=building10)
status:true
temperature35.0
mno:Member(mno=2, name=null, phone=null)
building:Facility(bno=10, building=building10)
status:false
temperature35.2
mno:Member(mno=2, name=null, phone=null)
building:Facility(bno=2, building=building2)
status:true
temperature35.4
mno:Member(mno=2, name=null, phone=null)
building:Facility(bno=2, building=building2)
status:false
temperature37.1
mno:Member(mno=2, name=null, phone=null)
building:Facility(bno=5, building=building5)
status:true
temperature35.1
mno:Member(mno=2, name=null, phone=null)
building:Facility(bno=5, building=building5)
status:false
temperature37.2
mno:Member(mno=2, name=null, phone=null)
building:Facility(bno=9, building=building9)
status:true
temperature35.3
mno:Member(mno=2, name=null, phone=null)
building:Facility(bno=9, building=building9)
status:false
temperature36.2
mno:Member(mno=2, name=null, phone=null)
building:Facility(bno=9, building=building9)
status:true
temperature35.1
mno:Member(mno=2, name=null, phone=null)
building:Facility(bno=9, building=building9)
status:false
temperature36.7
mno:Member(mno=2, name=null, phone=null)
building:Facility(bno=2, building=building2)
status:true
temperature35.2
mno:Member(mno=2, name=null, phone=null)
building:Facility(bno=2, building=building2)
status:false
temperature35.3
mno:Member(mno=2, name=null, phone=null)
building:Facility(bno=6, building=building6)
status:true
temperature35.8
mno:Member(mno=2, name=null, phone=null)
building:Facility(bno=6, building=building6)
status:false
temperature36.9
mno:Member(mno=2, name=null, phone=null)
building:Facility(bno=7, building=building7)
status:true
temperature35.4
mno:Member(mno=2, name=null, phone=null)
building:Facility(bno=7, building=building7)
status:false
temperature35.0
mno:Member(mno=2, name=null, phone=null)
building:Facility(bno=3, building=building3)
status:true
temperature37.1
mno:Member(mno=2, name=null, phone=null)
building:Facility(bno=10, building=building10)
status:true
temperature35.0
mno:Member(mno=2, name=null, phone=null)
building:Facility(bno=10, building=building10)
status:false
temperature35.2
mno:Member(mno=2, name=null, phone=null)
building:Facility(bno=2, building=building2)
status:true
temperature35.4
mno:Member(mno=2, name=null, phone=null)
building:Facility(bno=2, building=building2)
status:false
temperature37.1
mno:Member(mno=2, name=null, phone=null)
building:Facility(bno=5, building=building5)
status:true
temperature35.1
mno:Member(mno=2, name=null, phone=null)
building:Facility(bno=5, building=building5)
status:false
temperature37.2
mno:Member(mno=2, name=null, phone=null)
building:Facility(bno=9, building=building9)
status:true
temperature35.3
mno:Member(mno=2, name=null, phone=null)
building:Facility(bno=9, building=building9)
status:false
temperature36.2
mno:Member(mno=2, name=null, phone=null)
building:Facility(bno=9, building=building9)
status:true
temperature35.1
mno:Member(mno=2, name=null, phone=null)
building:Facility(bno=9, building=building9)
status:false
temperature36.7
mno:Member(mno=2, name=null, phone=null)
building:Facility(bno=2, building=building2)
status:true
temperature35.2
mno:Member(mno=2, name=null, phone=null)
building:Facility(bno=2, building=building2)
status:false
temperature35.3
mno:Member(mno=2, name=null, phone=null)
building:Facility(bno=6, building=building6)
status:true
temperature35.8
mno:Member(mno=2, name=null, phone=null)
building:Facility(bno=6, building=building6)
status:false
temperature36.9
mno:Member(mno=2, name=null, phone=null)
building:Facility(bno=7, building=building7)
status:true
temperature35.4
mno:Member(mno=2, name=null, phone=null)
building:Facility(bno=7, building=building7)
status:false
temperature35.0
mno:Member(mno=2, name=null, phone=null)
building:Facility(bno=3, building=building3)
status:true
temperature37.1
mno:Member(mno=2, name=null, phone=null)
building:Facility(bno=3, building=building3)
status:false
temperature36.0
mno:Member(mno=3, name=null, phone=null)
building:Facility(bno=10, building=building10)
status:true
temperature36.6
mno:Member(mno=3, name=null, phone=null)
building:Facility(bno=10, building=building10)
status:true
temperature36.6
mno:Member(mno=3, name=null, phone=null)
building:Facility(bno=10, building=building10)
status:false
temperature35.8
mno:Member(mno=3, name=null, phone=null)
building:Facility(bno=10, building=building10)
status:true
temperature36.6
mno:Member(mno=3, name=null, phone=null)
building:Facility(bno=10, building=building10)
status:false
temperature35.8
mno:Member(mno=3, name=null, phone=null)
building:Facility(bno=4, building=building4)
status:true
temperature36.4
mno:Member(mno=3, name=null, phone=null)
building:Facility(bno=10, building=building10)
status:true
temperature36.6
mno:Member(mno=3, name=null, phone=null)
building:Facility(bno=10, building=building10)
status:false
temperature35.8
mno:Member(mno=3, name=null, phone=null)
building:Facility(bno=4, building=building4)
status:true
temperature36.4
mno:Member(mno=3, name=null, phone=null)
building:Facility(bno=4, building=building4)
status:false
temperature36.8
mno:Member(mno=3, name=null, phone=null)
building:Facility(bno=10, building=building10)
status:true
temperature36.6
mno:Member(mno=3, name=null, phone=null)
building:Facility(bno=10, building=building10)
status:false
temperature35.8
mno:Member(mno=3, name=null, phone=null)
building:Facility(bno=4, building=building4)
status:true
temperature36.4
mno:Member(mno=3, name=null, phone=null)
building:Facility(bno=4, building=building4)
status:false
temperature36.8
mno:Member(mno=3, name=null, phone=null)
building:Facility(bno=1, building=building1)
status:true
temperature36.2
mno:Member(mno=3, name=null, phone=null)
building:Facility(bno=10, building=building10)
status:true
temperature36.6
mno:Member(mno=3, name=null, phone=null)
building:Facility(bno=10, building=building10)
status:false
temperature35.8
mno:Member(mno=3, name=null, phone=null)
building:Facility(bno=4, building=building4)
status:true
temperature36.4
mno:Member(mno=3, name=null, phone=null)
building:Facility(bno=4, building=building4)
status:false
temperature36.8
mno:Member(mno=3, name=null, phone=null)
building:Facility(bno=1, building=building1)
status:true
temperature36.2
mno:Member(mno=3, name=null, phone=null)
building:Facility(bno=1, building=building1)
status:false
temperature35.5
mno:Member(mno=3, name=null, phone=null)
building:Facility(bno=10, building=building10)
status:true
temperature36.6
mno:Member(mno=3, name=null, phone=null)
building:Facility(bno=10, building=building10)
status:false
temperature35.8
mno:Member(mno=3, name=null, phone=null)
building:Facility(bno=4, building=building4)
status:true
temperature36.4
mno:Member(mno=3, name=null, phone=null)
building:Facility(bno=4, building=building4)
status:false
temperature36.8
mno:Member(mno=3, name=null, phone=null)
building:Facility(bno=1, building=building1)
status:true
temperature36.2
mno:Member(mno=3, name=null, phone=null)
building:Facility(bno=1, building=building1)
status:false
temperature35.5
mno:Member(mno=3, name=null, phone=null)
building:Facility(bno=3, building=building3)
status:true
temperature36.8
mno:Member(mno=3, name=null, phone=null)
building:Facility(bno=10, building=building10)
status:true
temperature36.6
mno:Member(mno=3, name=null, phone=null)
building:Facility(bno=10, building=building10)
status:false
temperature35.8
mno:Member(mno=3, name=null, phone=null)
building:Facility(bno=4, building=building4)
status:true
temperature36.4
mno:Member(mno=3, name=null, phone=null)
building:Facility(bno=4, building=building4)
status:false
temperature36.8
mno:Member(mno=3, name=null, phone=null)
building:Facility(bno=1, building=building1)
status:true
temperature36.2
mno:Member(mno=3, name=null, phone=null)
building:Facility(bno=1, building=building1)
status:false
temperature35.5
mno:Member(mno=3, name=null, phone=null)
building:Facility(bno=3, building=building3)
status:true
temperature36.8
mno:Member(mno=3, name=null, phone=null)
building:Facility(bno=3, building=building3)
status:false
temperature37.0
mno:Member(mno=3, name=null, phone=null)
building:Facility(bno=10, building=building10)
status:true
temperature36.6
mno:Member(mno=3, name=null, phone=null)
building:Facility(bno=10, building=building10)
status:false
temperature35.8
mno:Member(mno=3, name=null, phone=null)
building:Facility(bno=4, building=building4)
status:true
temperature36.4
mno:Member(mno=3, name=null, phone=null)
building:Facility(bno=4, building=building4)
status:false
temperature36.8
mno:Member(mno=3, name=null, phone=null)
building:Facility(bno=1, building=building1)
status:true
temperature36.2
mno:Member(mno=3, name=null, phone=null)
building:Facility(bno=1, building=building1)
status:false
temperature35.5
mno:Member(mno=3, name=null, phone=null)
building:Facility(bno=3, building=building3)
status:true
temperature36.8
mno:Member(mno=3, name=null, phone=null)
building:Facility(bno=3, building=building3)
status:false
temperature37.0
mno:Member(mno=3, name=null, phone=null)
building:Facility(bno=6, building=building6)
status:true
temperature36.7
mno:Member(mno=3, name=null, phone=null)
building:Facility(bno=10, building=building10)
status:true
temperature36.6
mno:Member(mno=3, name=null, phone=null)
building:Facility(bno=10, building=building10)
status:false
temperature35.8
mno:Member(mno=3, name=null, phone=null)
building:Facility(bno=4, building=building4)
status:true
temperature36.4
mno:Member(mno=3, name=null, phone=null)
building:Facility(bno=4, building=building4)
status:false
temperature36.8
mno:Member(mno=3, name=null, phone=null)
building:Facility(bno=1, building=building1)
status:true
temperature36.2
mno:Member(mno=3, name=null, phone=null)
building:Facility(bno=1, building=building1)
status:false
temperature35.5
mno:Member(mno=3, name=null, phone=null)
building:Facility(bno=3, building=building3)
status:true
temperature36.8
mno:Member(mno=3, name=null, phone=null)
building:Facility(bno=3, building=building3)
status:false
temperature37.0
mno:Member(mno=3, name=null, phone=null)
building:Facility(bno=6, building=building6)
status:true
temperature36.7
mno:Member(mno=3, name=null, phone=null)
building:Facility(bno=6, building=building6)
status:false
temperature35.3
mno:Member(mno=3, name=null, phone=null)
building:Facility(bno=10, building=building10)
status:true
temperature36.6
mno:Member(mno=3, name=null, phone=null)
building:Facility(bno=10, building=building10)
status:false
temperature35.8
mno:Member(mno=3, name=null, phone=null)
building:Facility(bno=4, building=building4)
status:true
temperature36.4
mno:Member(mno=3, name=null, phone=null)
building:Facility(bno=4, building=building4)
status:false
temperature36.8
mno:Member(mno=3, name=null, phone=null)
building:Facility(bno=1, building=building1)
status:true
temperature36.2
mno:Member(mno=3, name=null, phone=null)
building:Facility(bno=1, building=building1)
status:false
temperature35.5
mno:Member(mno=3, name=null, phone=null)
building:Facility(bno=3, building=building3)
status:true
temperature36.8
mno:Member(mno=3, name=null, phone=null)
building:Facility(bno=3, building=building3)
status:false
temperature37.0
mno:Member(mno=3, name=null, phone=null)
building:Facility(bno=6, building=building6)
status:true
temperature36.7
mno:Member(mno=3, name=null, phone=null)
building:Facility(bno=6, building=building6)
status:false
temperature35.3
mno:Member(mno=3, name=null, phone=null)
building:Facility(bno=4, building=building4)
status:true
temperature36.8
mno:Member(mno=3, name=null, phone=null)
building:Facility(bno=10, building=building10)
status:true
temperature36.6
mno:Member(mno=3, name=null, phone=null)
building:Facility(bno=10, building=building10)
status:false
temperature35.8
mno:Member(mno=3, name=null, phone=null)
building:Facility(bno=4, building=building4)
status:true
temperature36.4
mno:Member(mno=3, name=null, phone=null)
building:Facility(bno=4, building=building4)
status:false
temperature36.8
mno:Member(mno=3, name=null, phone=null)
building:Facility(bno=1, building=building1)
status:true
temperature36.2
mno:Member(mno=3, name=null, phone=null)
building:Facility(bno=1, building=building1)
status:false
temperature35.5
mno:Member(mno=3, name=null, phone=null)
building:Facility(bno=3, building=building3)
status:true
temperature36.8
mno:Member(mno=3, name=null, phone=null)
building:Facility(bno=3, building=building3)
status:false
temperature37.0
mno:Member(mno=3, name=null, phone=null)
building:Facility(bno=6, building=building6)
status:true
temperature36.7
mno:Member(mno=3, name=null, phone=null)
building:Facility(bno=6, building=building6)
status:false
temperature35.3
mno:Member(mno=3, name=null, phone=null)
building:Facility(bno=4, building=building4)
status:true
temperature36.8
mno:Member(mno=3, name=null, phone=null)
building:Facility(bno=4, building=building4)
status:false
temperature36.3
mno:Member(mno=4, name=null, phone=null)
building:Facility(bno=3, building=building3)
status:true
temperature37.1
mno:Member(mno=4, name=null, phone=null)
building:Facility(bno=3, building=building3)
status:true
temperature37.1
mno:Member(mno=4, name=null, phone=null)
building:Facility(bno=3, building=building3)
status:false
temperature36.7
mno:Member(mno=4, name=null, phone=null)
building:Facility(bno=3, building=building3)
status:true
temperature37.1
mno:Member(mno=4, name=null, phone=null)
building:Facility(bno=3, building=building3)
status:false
temperature36.7
mno:Member(mno=4, name=null, phone=null)
building:Facility(bno=8, building=building8)
status:true
temperature37.0
mno:Member(mno=4, name=null, phone=null)
building:Facility(bno=3, building=building3)
status:true
temperature37.1
mno:Member(mno=4, name=null, phone=null)
building:Facility(bno=3, building=building3)
status:false
temperature36.7
mno:Member(mno=4, name=null, phone=null)
building:Facility(bno=8, building=building8)
status:true
temperature37.0
mno:Member(mno=4, name=null, phone=null)
building:Facility(bno=8, building=building8)
status:false
temperature36.0
mno:Member(mno=4, name=null, phone=null)
building:Facility(bno=3, building=building3)
status:true
temperature37.1
mno:Member(mno=4, name=null, phone=null)
building:Facility(bno=3, building=building3)
status:false
temperature36.7
mno:Member(mno=4, name=null, phone=null)
building:Facility(bno=8, building=building8)
status:true
temperature37.0
mno:Member(mno=4, name=null, phone=null)
building:Facility(bno=8, building=building8)
status:false
temperature36.0
mno:Member(mno=4, name=null, phone=null)
building:Facility(bno=1, building=building1)
status:true
temperature35.4
mno:Member(mno=4, name=null, phone=null)
building:Facility(bno=3, building=building3)
status:true
temperature37.1
mno:Member(mno=4, name=null, phone=null)
building:Facility(bno=3, building=building3)
status:false
temperature36.7
mno:Member(mno=4, name=null, phone=null)
building:Facility(bno=8, building=building8)
status:true
temperature37.0
mno:Member(mno=4, name=null, phone=null)
building:Facility(bno=8, building=building8)
status:false
temperature36.0
mno:Member(mno=4, name=null, phone=null)
building:Facility(bno=1, building=building1)
status:true
temperature35.4
mno:Member(mno=4, name=null, phone=null)
building:Facility(bno=1, building=building1)
status:false
temperature36.5
mno:Member(mno=4, name=null, phone=null)
building:Facility(bno=3, building=building3)
status:true
temperature37.1
mno:Member(mno=4, name=null, phone=null)
building:Facility(bno=3, building=building3)
status:false
temperature36.7
mno:Member(mno=4, name=null, phone=null)
building:Facility(bno=8, building=building8)
status:true
temperature37.0
mno:Member(mno=4, name=null, phone=null)
building:Facility(bno=8, building=building8)
status:false
temperature36.0
mno:Member(mno=4, name=null, phone=null)
building:Facility(bno=1, building=building1)
status:true
temperature35.4
mno:Member(mno=4, name=null, phone=null)
building:Facility(bno=1, building=building1)
status:false
temperature36.5
mno:Member(mno=4, name=null, phone=null)
building:Facility(bno=8, building=building8)
status:true
temperature35.2
mno:Member(mno=4, name=null, phone=null)
building:Facility(bno=3, building=building3)
status:true
temperature37.1
mno:Member(mno=4, name=null, phone=null)
building:Facility(bno=3, building=building3)
status:false
temperature36.7
mno:Member(mno=4, name=null, phone=null)
building:Facility(bno=8, building=building8)
status:true
temperature37.0
mno:Member(mno=4, name=null, phone=null)
building:Facility(bno=8, building=building8)
status:false
temperature36.0
mno:Member(mno=4, name=null, phone=null)
building:Facility(bno=1, building=building1)
status:true
temperature35.4
mno:Member(mno=4, name=null, phone=null)
building:Facility(bno=1, building=building1)
status:false
temperature36.5
mno:Member(mno=4, name=null, phone=null)
building:Facility(bno=8, building=building8)
status:true
temperature35.2
mno:Member(mno=4, name=null, phone=null)
building:Facility(bno=8, building=building8)
status:false
temperature35.0
mno:Member(mno=4, name=null, phone=null)
building:Facility(bno=3, building=building3)
status:true
temperature37.1
mno:Member(mno=4, name=null, phone=null)
building:Facility(bno=3, building=building3)
status:false
temperature36.7
mno:Member(mno=4, name=null, phone=null)
building:Facility(bno=8, building=building8)
status:true
temperature37.0
mno:Member(mno=4, name=null, phone=null)
building:Facility(bno=8, building=building8)
status:false
temperature36.0
mno:Member(mno=4, name=null, phone=null)
building:Facility(bno=1, building=building1)
status:true
temperature35.4
mno:Member(mno=4, name=null, phone=null)
building:Facility(bno=1, building=building1)
status:false
temperature36.5
mno:Member(mno=4, name=null, phone=null)
building:Facility(bno=8, building=building8)
status:true
temperature35.2
mno:Member(mno=4, name=null, phone=null)
building:Facility(bno=8, building=building8)
status:false
temperature35.0
mno:Member(mno=4, name=null, phone=null)
building:Facility(bno=5, building=building5)
status:true
temperature36.9
mno:Member(mno=4, name=null, phone=null)
building:Facility(bno=3, building=building3)
status:true
temperature37.1
mno:Member(mno=4, name=null, phone=null)
building:Facility(bno=3, building=building3)
status:false
temperature36.7
mno:Member(mno=4, name=null, phone=null)
building:Facility(bno=8, building=building8)
status:true
temperature37.0
mno:Member(mno=4, name=null, phone=null)
building:Facility(bno=8, building=building8)
status:false
temperature36.0
mno:Member(mno=4, name=null, phone=null)
building:Facility(bno=1, building=building1)
status:true
temperature35.4
mno:Member(mno=4, name=null, phone=null)
building:Facility(bno=1, building=building1)
status:false
temperature36.5
mno:Member(mno=4, name=null, phone=null)
building:Facility(bno=8, building=building8)
status:true
temperature35.2
mno:Member(mno=4, name=null, phone=null)
building:Facility(bno=8, building=building8)
status:false
temperature35.0
mno:Member(mno=4, name=null, phone=null)
building:Facility(bno=5, building=building5)
status:true
temperature36.9
mno:Member(mno=4, name=null, phone=null)
building:Facility(bno=5, building=building5)
status:false
temperature35.8
mno:Member(mno=4, name=null, phone=null)
building:Facility(bno=3, building=building3)
status:true
temperature37.1
mno:Member(mno=4, name=null, phone=null)
building:Facility(bno=3, building=building3)
status:false
temperature36.7
mno:Member(mno=4, name=null, phone=null)
building:Facility(bno=8, building=building8)
status:true
temperature37.0
mno:Member(mno=4, name=null, phone=null)
building:Facility(bno=8, building=building8)
status:false
temperature36.0
mno:Member(mno=4, name=null, phone=null)
building:Facility(bno=1, building=building1)
status:true
temperature35.4
mno:Member(mno=4, name=null, phone=null)
building:Facility(bno=1, building=building1)
status:false
temperature36.5
mno:Member(mno=4, name=null, phone=null)
building:Facility(bno=8, building=building8)
status:true
temperature35.2
mno:Member(mno=4, name=null, phone=null)
building:Facility(bno=8, building=building8)
status:false
temperature35.0
mno:Member(mno=4, name=null, phone=null)
building:Facility(bno=5, building=building5)
status:true
temperature36.9
mno:Member(mno=4, name=null, phone=null)
building:Facility(bno=5, building=building5)
status:false
temperature35.8
mno:Member(mno=4, name=null, phone=null)
building:Facility(bno=2, building=building2)
status:true
temperature35.9
mno:Member(mno=4, name=null, phone=null)
building:Facility(bno=3, building=building3)
status:true
temperature37.1
mno:Member(mno=4, name=null, phone=null)
building:Facility(bno=3, building=building3)
status:false
temperature36.7
mno:Member(mno=4, name=null, phone=null)
building:Facility(bno=8, building=building8)
status:true
temperature37.0
mno:Member(mno=4, name=null, phone=null)
building:Facility(bno=8, building=building8)
status:false
temperature36.0
mno:Member(mno=4, name=null, phone=null)
building:Facility(bno=1, building=building1)
status:true
temperature35.4
mno:Member(mno=4, name=null, phone=null)
building:Facility(bno=1, building=building1)
status:false
temperature36.5
mno:Member(mno=4, name=null, phone=null)
building:Facility(bno=8, building=building8)
status:true
temperature35.2
mno:Member(mno=4, name=null, phone=null)
building:Facility(bno=8, building=building8)
status:false
temperature35.0
mno:Member(mno=4, name=null, phone=null)
building:Facility(bno=5, building=building5)
status:true
temperature36.9
mno:Member(mno=4, name=null, phone=null)
building:Facility(bno=5, building=building5)
status:false
temperature35.8
mno:Member(mno=4, name=null, phone=null)
building:Facility(bno=2, building=building2)
status:true
temperature35.9
mno:Member(mno=4, name=null, phone=null)
building:Facility(bno=2, building=building2)
status:false
temperature36.3
mno:Member(mno=4, name=null, phone=null)
building:Facility(bno=3, building=building3)
status:true
temperature37.1
mno:Member(mno=4, name=null, phone=null)
building:Facility(bno=3, building=building3)
status:false
temperature36.7
mno:Member(mno=4, name=null, phone=null)
building:Facility(bno=8, building=building8)
status:true
temperature37.0
mno:Member(mno=4, name=null, phone=null)
building:Facility(bno=8, building=building8)
status:false
temperature36.0
mno:Member(mno=4, name=null, phone=null)
building:Facility(bno=1, building=building1)
status:true
temperature35.4
mno:Member(mno=4, name=null, phone=null)
building:Facility(bno=1, building=building1)
status:false
temperature36.5
mno:Member(mno=4, name=null, phone=null)
building:Facility(bno=8, building=building8)
status:true
temperature35.2
mno:Member(mno=4, name=null, phone=null)
building:Facility(bno=8, building=building8)
status:false
temperature35.0
mno:Member(mno=4, name=null, phone=null)
building:Facility(bno=5, building=building5)
status:true
temperature36.9
mno:Member(mno=4, name=null, phone=null)
building:Facility(bno=5, building=building5)
status:false
temperature35.8
mno:Member(mno=4, name=null, phone=null)
building:Facility(bno=2, building=building2)
status:true
temperature35.9
mno:Member(mno=4, name=null, phone=null)
building:Facility(bno=2, building=building2)
status:false
temperature36.3
mno:Member(mno=4, name=null, phone=null)
building:Facility(bno=6, building=building6)
status:true
temperature35.3
mno:Member(mno=4, name=null, phone=null)
building:Facility(bno=3, building=building3)
status:true
temperature37.1
mno:Member(mno=4, name=null, phone=null)
building:Facility(bno=3, building=building3)
status:false
temperature36.7
mno:Member(mno=4, name=null, phone=null)
building:Facility(bno=8, building=building8)
status:true
temperature37.0
mno:Member(mno=4, name=null, phone=null)
building:Facility(bno=8, building=building8)
status:false
temperature36.0
mno:Member(mno=4, name=null, phone=null)
building:Facility(bno=1, building=building1)
status:true
temperature35.4
mno:Member(mno=4, name=null, phone=null)
building:Facility(bno=1, building=building1)
status:false
temperature36.5
mno:Member(mno=4, name=null, phone=null)
building:Facility(bno=8, building=building8)
status:true
temperature35.2
mno:Member(mno=4, name=null, phone=null)
building:Facility(bno=8, building=building8)
status:false
temperature35.0
mno:Member(mno=4, name=null, phone=null)
building:Facility(bno=5, building=building5)
status:true
temperature36.9
mno:Member(mno=4, name=null, phone=null)
building:Facility(bno=5, building=building5)
status:false
temperature35.8
mno:Member(mno=4, name=null, phone=null)
building:Facility(bno=2, building=building2)
status:true
temperature35.9
mno:Member(mno=4, name=null, phone=null)
building:Facility(bno=2, building=building2)
status:false
temperature36.3
mno:Member(mno=4, name=null, phone=null)
building:Facility(bno=6, building=building6)
status:true
temperature35.3
mno:Member(mno=4, name=null, phone=null)
building:Facility(bno=6, building=building6)
status:false
temperature37.2
mno:Member(mno=4, name=null, phone=null)
building:Facility(bno=3, building=building3)
status:true
temperature37.1
mno:Member(mno=4, name=null, phone=null)
building:Facility(bno=3, building=building3)
status:false
temperature36.7
mno:Member(mno=4, name=null, phone=null)
building:Facility(bno=8, building=building8)
status:true
temperature37.0
mno:Member(mno=4, name=null, phone=null)
building:Facility(bno=8, building=building8)
status:false
temperature36.0
mno:Member(mno=4, name=null, phone=null)
building:Facility(bno=1, building=building1)
status:true
temperature35.4
mno:Member(mno=4, name=null, phone=null)
building:Facility(bno=1, building=building1)
status:false
temperature36.5
mno:Member(mno=4, name=null, phone=null)
building:Facility(bno=8, building=building8)
status:true
temperature35.2
mno:Member(mno=4, name=null, phone=null)
building:Facility(bno=8, building=building8)
status:false
temperature35.0
mno:Member(mno=4, name=null, phone=null)
building:Facility(bno=5, building=building5)
status:true
temperature36.9
mno:Member(mno=4, name=null, phone=null)
building:Facility(bno=5, building=building5)
status:false
temperature35.8
mno:Member(mno=4, name=null, phone=null)
building:Facility(bno=2, building=building2)
status:true
temperature35.9
mno:Member(mno=4, name=null, phone=null)
building:Facility(bno=2, building=building2)
status:false
temperature36.3
mno:Member(mno=4, name=null, phone=null)
building:Facility(bno=6, building=building6)
status:true
temperature35.3
mno:Member(mno=4, name=null, phone=null)
building:Facility(bno=6, building=building6)
status:false
temperature37.2
mno:Member(mno=4, name=null, phone=null)
building:Facility(bno=10, building=building10)
status:true
temperature37.0
mno:Member(mno=4, name=null, phone=null)
building:Facility(bno=3, building=building3)
status:true
temperature37.1
mno:Member(mno=4, name=null, phone=null)
building:Facility(bno=3, building=building3)
status:false
temperature36.7
mno:Member(mno=4, name=null, phone=null)
building:Facility(bno=8, building=building8)
status:true
temperature37.0
mno:Member(mno=4, name=null, phone=null)
building:Facility(bno=8, building=building8)
status:false
temperature36.0
mno:Member(mno=4, name=null, phone=null)
building:Facility(bno=1, building=building1)
status:true
temperature35.4
mno:Member(mno=4, name=null, phone=null)
building:Facility(bno=1, building=building1)
status:false
temperature36.5
mno:Member(mno=4, name=null, phone=null)
building:Facility(bno=8, building=building8)
status:true
temperature35.2
mno:Member(mno=4, name=null, phone=null)
building:Facility(bno=8, building=building8)
status:false
temperature35.0
mno:Member(mno=4, name=null, phone=null)
building:Facility(bno=5, building=building5)
status:true
temperature36.9
mno:Member(mno=4, name=null, phone=null)
building:Facility(bno=5, building=building5)
status:false
temperature35.8
mno:Member(mno=4, name=null, phone=null)
building:Facility(bno=2, building=building2)
status:true
temperature35.9
mno:Member(mno=4, name=null, phone=null)
building:Facility(bno=2, building=building2)
status:false
temperature36.3
mno:Member(mno=4, name=null, phone=null)
building:Facility(bno=6, building=building6)
status:true
temperature35.3
mno:Member(mno=4, name=null, phone=null)
building:Facility(bno=6, building=building6)
status:false
temperature37.2
mno:Member(mno=4, name=null, phone=null)
building:Facility(bno=10, building=building10)
status:true
temperature37.0
mno:Member(mno=4, name=null, phone=null)
building:Facility(bno=10, building=building10)
status:false
temperature36.7
mno:Member(mno=4, name=null, phone=null)
building:Facility(bno=3, building=building3)
status:true
temperature37.1
mno:Member(mno=4, name=null, phone=null)
building:Facility(bno=3, building=building3)
status:false
temperature36.7
mno:Member(mno=4, name=null, phone=null)
building:Facility(bno=8, building=building8)
status:true
temperature37.0
mno:Member(mno=4, name=null, phone=null)
building:Facility(bno=8, building=building8)
status:false
temperature36.0
mno:Member(mno=4, name=null, phone=null)
building:Facility(bno=1, building=building1)
status:true
temperature35.4
mno:Member(mno=4, name=null, phone=null)
building:Facility(bno=1, building=building1)
status:false
temperature36.5
mno:Member(mno=4, name=null, phone=null)
building:Facility(bno=8, building=building8)
status:true
temperature35.2
mno:Member(mno=4, name=null, phone=null)
building:Facility(bno=8, building=building8)
status:false
temperature35.0
mno:Member(mno=4, name=null, phone=null)
building:Facility(bno=5, building=building5)
status:true
temperature36.9
mno:Member(mno=4, name=null, phone=null)
building:Facility(bno=5, building=building5)
status:false
temperature35.8
mno:Member(mno=4, name=null, phone=null)
building:Facility(bno=2, building=building2)
status:true
temperature35.9
mno:Member(mno=4, name=null, phone=null)
building:Facility(bno=2, building=building2)
status:false
temperature36.3
mno:Member(mno=4, name=null, phone=null)
building:Facility(bno=6, building=building6)
status:true
temperature35.3
mno:Member(mno=4, name=null, phone=null)
building:Facility(bno=6, building=building6)
status:false
temperature37.2
mno:Member(mno=4, name=null, phone=null)
building:Facility(bno=10, building=building10)
status:true
temperature37.0
mno:Member(mno=4, name=null, phone=null)
building:Facility(bno=10, building=building10)
status:false
temperature36.7
mno:Member(mno=4, name=null, phone=null)
building:Facility(bno=5, building=building5)
status:true
temperature35.0
mno:Member(mno=4, name=null, phone=null)
building:Facility(bno=3, building=building3)
status:true
temperature37.1
mno:Member(mno=4, name=null, phone=null)
building:Facility(bno=3, building=building3)
status:false
temperature36.7
mno:Member(mno=4, name=null, phone=null)
building:Facility(bno=8, building=building8)
status:true
temperature37.0
mno:Member(mno=4, name=null, phone=null)
building:Facility(bno=8, building=building8)
status:false
temperature36.0
mno:Member(mno=4, name=null, phone=null)
building:Facility(bno=1, building=building1)
status:true
temperature35.4
mno:Member(mno=4, name=null, phone=null)
building:Facility(bno=1, building=building1)
status:false
temperature36.5
mno:Member(mno=4, name=null, phone=null)
building:Facility(bno=8, building=building8)
status:true
temperature35.2
mno:Member(mno=4, name=null, phone=null)
building:Facility(bno=8, building=building8)
status:false
temperature35.0
mno:Member(mno=4, name=null, phone=null)
building:Facility(bno=5, building=building5)
status:true
temperature36.9
mno:Member(mno=4, name=null, phone=null)
building:Facility(bno=5, building=building5)
status:false
temperature35.8
mno:Member(mno=4, name=null, phone=null)
building:Facility(bno=2, building=building2)
status:true
temperature35.9
mno:Member(mno=4, name=null, phone=null)
building:Facility(bno=2, building=building2)
status:false
temperature36.3
mno:Member(mno=4, name=null, phone=null)
building:Facility(bno=6, building=building6)
status:true
temperature35.3
mno:Member(mno=4, name=null, phone=null)
building:Facility(bno=6, building=building6)
status:false
temperature37.2
mno:Member(mno=4, name=null, phone=null)
building:Facility(bno=10, building=building10)
status:true
temperature37.0
mno:Member(mno=4, name=null, phone=null)
building:Facility(bno=10, building=building10)
status:false
temperature36.7
mno:Member(mno=4, name=null, phone=null)
building:Facility(bno=5, building=building5)
status:true
temperature35.0
mno:Member(mno=4, name=null, phone=null)
building:Facility(bno=5, building=building5)
status:false
temperature36.0
mno:Member(mno=5, name=null, phone=null)
building:Facility(bno=6, building=building6)
status:true
temperature35.2
mno:Member(mno=5, name=null, phone=null)
building:Facility(bno=6, building=building6)
status:true
temperature35.2
mno:Member(mno=5, name=null, phone=null)
building:Facility(bno=6, building=building6)
status:false
temperature36.8
mno:Member(mno=5, name=null, phone=null)
building:Facility(bno=6, building=building6)
status:true
temperature35.2
mno:Member(mno=5, name=null, phone=null)
building:Facility(bno=6, building=building6)
status:false
temperature36.8
mno:Member(mno=5, name=null, phone=null)
building:Facility(bno=5, building=building5)
status:true
temperature36.0
mno:Member(mno=5, name=null, phone=null)
building:Facility(bno=6, building=building6)
status:true
temperature35.2
mno:Member(mno=5, name=null, phone=null)
building:Facility(bno=6, building=building6)
status:false
temperature36.8
mno:Member(mno=5, name=null, phone=null)
building:Facility(bno=5, building=building5)
status:true
temperature36.0
mno:Member(mno=5, name=null, phone=null)
building:Facility(bno=5, building=building5)
status:false
temperature35.7
mno:Member(mno=5, name=null, phone=null)
building:Facility(bno=6, building=building6)
status:true
temperature35.2
mno:Member(mno=5, name=null, phone=null)
building:Facility(bno=6, building=building6)
status:false
temperature36.8
mno:Member(mno=5, name=null, phone=null)
building:Facility(bno=5, building=building5)
status:true
temperature36.0
mno:Member(mno=5, name=null, phone=null)
building:Facility(bno=5, building=building5)
status:false
temperature35.7
mno:Member(mno=5, name=null, phone=null)
building:Facility(bno=10, building=building10)
status:true
temperature36.9
mno:Member(mno=5, name=null, phone=null)
building:Facility(bno=6, building=building6)
status:true
temperature35.2
mno:Member(mno=5, name=null, phone=null)
building:Facility(bno=6, building=building6)
status:false
temperature36.8
mno:Member(mno=5, name=null, phone=null)
building:Facility(bno=5, building=building5)
status:true
temperature36.0
[...]
status:true
temperature35.4
mno:Member(mno=31, name=null, phone=null)
building:Facility(bno=9, building=building9)
status:false
temperature36.0
mno:Member(mno=31, name=null, phone=null)
building:Facility(bno=3, building=building3)
status:true
temperature37.2
mno:Member(mno=31, name=null, phone=null)
building:Facility(bno=3, building=building3)
status:false
temperature36.7
mno:Member(mno=31, name=null, phone=null)
building:Facility(bno=2, building=building2)
status:true
temperature36.7
mno:Member(mno=31, name=null, phone=null)
building:Facility(bno=2, building=building2)
status:false
temperature36.8
mno:Member(mno=31, name=null, phone=null)
building:Facility(bno=9, building=building9)
status:true
temperature35.4
mno:Member(mno=31, name=null, phone=null)
building:Facility(bno=9, building=building9)
status:false
temperature36.0
mno:Member(mno=31, name=null, phone=null)
building:Facility(bno=3, building=building3)
status:true
temperature37.2
mno:Member(mno=31, name=null, phone=null)
building:Facility(bno=3, building=building3)
status:false
temperature36.7
mno:Member(mno=31, name=null, phone=null)
building:Facility(bno=9, building=building9)
status:true
temperature35.2
mno:Member(mno=31, name=null, phone=null)
building:Facility(bno=2, building=building2)
status:true
temperature36.7
mno:Member(mno=31, name=null, phone=null)
building:Facility(bno=2, building=building2)
status:false
temperature36.8
mno:Member(mno=31, name=null, phone=null)
building:Facility(bno=9, building=building9)
status:true
temperature35.4
mno:Member(mno=31, name=null, phone=null)
building:Facility(bno=9, building=building9)
status:false
temperature36.0
mno:Member(mno=31, name=null, phone=null)
building:Facility(bno=3, building=building3)
status:true
temperature37.2
mno:Member(mno=31, name=null, phone=null)
building:Facility(bno=3, building=building3)
status:false
temperature36.7
mno:Member(mno=31, name=null, phone=null)
building:Facility(bno=9, building=building9)
status:true
temperature35.2
mno:Member(mno=31, name=null, phone=null)
building:Facility(bno=9, building=building9)
status:false
temperature36.9
mno:Member(mno=31, name=null, phone=null)
building:Facility(bno=2, building=building2)
status:true
temperature36.7
mno:Member(mno=31, name=null, phone=null)
building:Facility(bno=2, building=building2)
status:false
temperature36.8
mno:Member(mno=31, name=null, phone=null)
building:Facility(bno=9, building=building9)
status:true
temperature35.4
mno:Member(mno=31, name=null, phone=null)
building:Facility(bno=9, building=building9)
status:false
temperature36.0
mno:Member(mno=31, name=null, phone=null)
building:Facility(bno=3, building=building3)
status:true
temperature37.2
mno:Member(mno=31, name=null, phone=null)
building:Facility(bno=3, building=building3)
status:false
temperature36.7
mno:Member(mno=31, name=null, phone=null)
building:Facility(bno=9, building=building9)
status:true
temperature35.2
mno:Member(mno=31, name=null, phone=null)
building:Facility(bno=9, building=building9)
status:false
temperature36.9
mno:Member(mno=31, name=null, phone=null)
building:Facility(bno=10, building=building10)
status:true
temperature36.7
mno:Member(mno=31, name=null, phone=null)
building:Facility(bno=2, building=building2)
status:true
temperature36.7
mno:Member(mno=31, name=null, phone=null)
building:Facility(bno=2, building=building2)
status:false
temperature36.8
mno:Member(mno=31, name=null, phone=null)
building:Facility(bno=9, building=building9)
status:true
temperature35.4
mno:Member(mno=31, name=null, phone=null)
building:Facility(bno=9, building=building9)
status:false
temperature36.0
mno:Member(mno=31, name=null, phone=null)
building:Facility(bno=3, building=building3)
status:true
temperature37.2
mno:Member(mno=31, name=null, phone=null)
building:Facility(bno=3, building=building3)
status:false
temperature36.7
mno:Member(mno=31, name=null, phone=null)
building:Facility(bno=9, building=building9)
status:true
temperature35.2
mno:Member(mno=31, name=null, phone=null)
building:Facility(bno=9, building=building9)
status:false
temperature36.9
mno:Member(mno=31, name=null, phone=null)
building:Facility(bno=10, building=building10)
status:true
temperature36.7
mno:Member(mno=31, name=null, phone=null)
building:Facility(bno=10, building=building10)
status:false
temperature37.0
mno:Member(mno=31, name=null, phone=null)
building:Facility(bno=2, building=building2)
status:true
temperature36.7
mno:Member(mno=31, name=null, phone=null)
building:Facility(bno=2, building=building2)
status:false
temperature36.8
mno:Member(mno=31, name=null, phone=null)
building:Facility(bno=9, building=building9)
status:true
temperature35.4
mno:Member(mno=31, name=null, phone=null)
building:Facility(bno=9, building=building9)
status:false
temperature36.0
mno:Member(mno=31, name=null, phone=null)
building:Facility(bno=3, building=building3)
status:true
temperature37.2
mno:Member(mno=31, name=null, phone=null)
building:Facility(bno=3, building=building3)
status:false
temperature36.7
mno:Member(mno=31, name=null, phone=null)
building:Facility(bno=9, building=building9)
status:true
temperature35.2
mno:Member(mno=31, name=null, phone=null)
building:Facility(bno=9, building=building9)
status:false
temperature36.9
mno:Member(mno=31, name=null, phone=null)
building:Facility(bno=10, building=building10)
status:true
temperature36.7
mno:Member(mno=31, name=null, phone=null)
building:Facility(bno=10, building=building10)
status:false
temperature37.0
mno:Member(mno=31, name=null, phone=null)
building:Facility(bno=10, building=building10)
status:true
temperature36.9
mno:Member(mno=31, name=null, phone=null)
building:Facility(bno=2, building=building2)
status:true
temperature36.7
mno:Member(mno=31, name=null, phone=null)
building:Facility(bno=2, building=building2)
status:false
temperature36.8
mno:Member(mno=31, name=null, phone=null)
building:Facility(bno=9, building=building9)
status:true
temperature35.4
mno:Member(mno=31, name=null, phone=null)
building:Facility(bno=9, building=building9)
status:false
temperature36.0
mno:Member(mno=31, name=null, phone=null)
building:Facility(bno=3, building=building3)
status:true
temperature37.2
mno:Member(mno=31, name=null, phone=null)
building:Facility(bno=3, building=building3)
status:false
temperature36.7
mno:Member(mno=31, name=null, phone=null)
building:Facility(bno=9, building=building9)
status:true
temperature35.2
mno:Member(mno=31, name=null, phone=null)
building:Facility(bno=9, building=building9)
status:false
temperature36.9
mno:Member(mno=31, name=null, phone=null)
building:Facility(bno=10, building=building10)
status:true
temperature36.7
mno:Member(mno=31, name=null, phone=null)
building:Facility(bno=10, building=building10)
status:false
temperature37.0
mno:Member(mno=31, name=null, phone=null)
building:Facility(bno=10, building=building10)
status:true
temperature36.9
mno:Member(mno=31, name=null, phone=null)
building:Facility(bno=10, building=building10)
status:false
temperature35.1
mno:Member(mno=31, name=null, phone=null)
building:Facility(bno=2, building=building2)
status:true
temperature36.7
mno:Member(mno=31, name=null, phone=null)
building:Facility(bno=2, building=building2)
status:false
temperature36.8
mno:Member(mno=31, name=null, phone=null)
building:Facility(bno=9, building=building9)
status:true
temperature35.4
mno:Member(mno=31, name=null, phone=null)
building:Facility(bno=9, building=building9)
status:false
temperature36.0
mno:Member(mno=31, name=null, phone=null)
building:Facility(bno=3, building=building3)
status:true
temperature37.2
mno:Member(mno=31, name=null, phone=null)
building:Facility(bno=3, building=building3)
status:false
temperature36.7
mno:Member(mno=31, name=null, phone=null)
building:Facility(bno=9, building=building9)
status:true
temperature35.2
mno:Member(mno=31, name=null, phone=null)
building:Facility(bno=9, building=building9)
status:false
temperature36.9
mno:Member(mno=31, name=null, phone=null)
building:Facility(bno=10, building=building10)
status:true
temperature36.7
mno:Member(mno=31, name=null, phone=null)
building:Facility(bno=10, building=building10)
status:false
temperature37.0
mno:Member(mno=31, name=null, phone=null)
building:Facility(bno=10, building=building10)
status:true
temperature36.9
mno:Member(mno=31, name=null, phone=null)
building:Facility(bno=10, building=building10)
status:false
temperature35.1
mno:Member(mno=31, name=null, phone=null)
building:Facility(bno=10, building=building10)
status:true
temperature35.1
mno:Member(mno=31, name=null, phone=null)
building:Facility(bno=2, building=building2)
status:true
temperature36.7
mno:Member(mno=31, name=null, phone=null)
building:Facility(bno=2, building=building2)
status:false
temperature36.8
mno:Member(mno=31, name=null, phone=null)
building:Facility(bno=9, building=building9)
status:true
temperature35.4
mno:Member(mno=31, name=null, phone=null)
building:Facility(bno=9, building=building9)
status:false
temperature36.0
mno:Member(mno=31, name=null, phone=null)
building:Facility(bno=3, building=building3)
status:true
temperature37.2
mno:Member(mno=31, name=null, phone=null)
building:Facility(bno=3, building=building3)
status:false
temperature36.7
mno:Member(mno=31, name=null, phone=null)
building:Facility(bno=9, building=building9)
status:true
temperature35.2
mno:Member(mno=31, name=null, phone=null)
building:Facility(bno=9, building=building9)
status:false
temperature36.9
mno:Member(mno=31, name=null, phone=null)
building:Facility(bno=10, building=building10)
status:true
temperature36.7
mno:Member(mno=31, name=null, phone=null)
building:Facility(bno=10, building=building10)
status:false
temperature37.0
mno:Member(mno=31, name=null, phone=null)
building:Facility(bno=10, building=building10)
status:true
temperature36.9
mno:Member(mno=31, name=null, phone=null)
building:Facility(bno=10, building=building10)
status:false
temperature35.1
mno:Member(mno=31, name=null, phone=null)
building:Facility(bno=10, building=building10)
status:true
temperature35.1
mno:Member(mno=31, name=null, phone=null)
building:Facility(bno=10, building=building10)
status:false
temperature36.9
mno:Member(mno=31, name=null, phone=null)
building:Facility(bno=2, building=building2)
status:true
temperature36.7
mno:Member(mno=31, name=null, phone=null)
building:Facility(bno=2, building=building2)
status:false
temperature36.8
mno:Member(mno=31, name=null, phone=null)
building:Facility(bno=9, building=building9)
status:true
temperature35.4
mno:Member(mno=31, name=null, phone=null)
building:Facility(bno=9, building=building9)
status:false
temperature36.0
mno:Member(mno=31, name=null, phone=null)
building:Facility(bno=3, building=building3)
status:true
temperature37.2
mno:Member(mno=31, name=null, phone=null)
building:Facility(bno=3, building=building3)
status:false
temperature36.7
mno:Member(mno=31, name=null, phone=null)
building:Facility(bno=9, building=building9)
status:true
temperature35.2
mno:Member(mno=31, name=null, phone=null)
building:Facility(bno=9, building=building9)
status:false
temperature36.9
mno:Member(mno=31, name=null, phone=null)
building:Facility(bno=10, building=building10)
status:true
temperature36.7
mno:Member(mno=31, name=null, phone=null)
building:Facility(bno=10, building=building10)
status:false
temperature37.0
mno:Member(mno=31, name=null, phone=null)
building:Facility(bno=10, building=building10)
status:true
temperature36.9
mno:Member(mno=31, name=null, phone=null)
building:Facility(bno=10, building=building10)
status:false
temperature35.1
mno:Member(mno=31, name=null, phone=null)
building:Facility(bno=10, building=building10)
status:true
temperature35.1
mno:Member(mno=31, name=null, phone=null)
building:Facility(bno=10, building=building10)
status:false
temperature36.9
mno:Member(mno=31, name=null, phone=null)
building:Facility(bno=10, building=building10)
status:true
temperature36.7
mno:Member(mno=31, name=null, phone=null)
building:Facility(bno=2, building=building2)
status:true
temperature36.7
mno:Member(mno=31, name=null, phone=null)
building:Facility(bno=2, building=building2)
status:false
temperature36.8
mno:Member(mno=31, name=null, phone=null)
building:Facility(bno=9, building=building9)
status:true
temperature35.4
mno:Member(mno=31, name=null, phone=null)
building:Facility(bno=9, building=building9)
status:false
temperature36.0
mno:Member(mno=31, name=null, phone=null)
building:Facility(bno=3, building=building3)
status:true
temperature37.2
mno:Member(mno=31, name=null, phone=null)
building:Facility(bno=3, building=building3)
status:false
temperature36.7
mno:Member(mno=31, name=null, phone=null)
building:Facility(bno=9, building=building9)
status:true
temperature35.2
mno:Member(mno=31, name=null, phone=null)
building:Facility(bno=9, building=building9)
status:false
temperature36.9
mno:Member(mno=31, name=null, phone=null)
building:Facility(bno=10, building=building10)
status:true
temperature36.7
mno:Member(mno=31, name=null, phone=null)
building:Facility(bno=10, building=building10)
status:false
temperature37.0
mno:Member(mno=31, name=null, phone=null)
building:Facility(bno=10, building=building10)
status:true
temperature36.9
mno:Member(mno=31, name=null, phone=null)
building:Facility(bno=10, building=building10)
status:false
temperature35.1
mno:Member(mno=31, name=null, phone=null)
building:Facility(bno=10, building=building10)
status:true
temperature35.1
mno:Member(mno=31, name=null, phone=null)
building:Facility(bno=10, building=building10)
status:false
temperature36.9
mno:Member(mno=31, name=null, phone=null)
building:Facility(bno=10, building=building10)
status:true
temperature36.7
mno:Member(mno=31, name=null, phone=null)
building:Facility(bno=10, building=building10)
status:false
temperature36.0
mno:Member(mno=31, name=null, phone=null)
building:Facility(bno=2, building=building2)
status:true
temperature36.7
mno:Member(mno=31, name=null, phone=null)
building:Facility(bno=2, building=building2)
status:false
temperature36.8
mno:Member(mno=31, name=null, phone=null)
building:Facility(bno=9, building=building9)
status:true
temperature35.4
mno:Member(mno=31, name=null, phone=null)
building:Facility(bno=9, building=building9)
status:false
temperature36.0
mno:Member(mno=31, name=null, phone=null)
building:Facility(bno=3, building=building3)
status:true
temperature37.2
mno:Member(mno=31, name=null, phone=null)
building:Facility(bno=3, building=building3)
status:false
temperature36.7
mno:Member(mno=31, name=null, phone=null)
building:Facility(bno=9, building=building9)
status:true
temperature35.2
mno:Member(mno=31, name=null, phone=null)
building:Facility(bno=9, building=building9)
status:false
temperature36.9
mno:Member(mno=31, name=null, phone=null)
building:Facility(bno=10, building=building10)
status:true
temperature36.7
mno:Member(mno=31, name=null, phone=null)
building:Facility(bno=10, building=building10)
status:false
temperature37.0
mno:Member(mno=31, name=null, phone=null)
building:Facility(bno=10, building=building10)
status:true
temperature36.9
mno:Member(mno=31, name=null, phone=null)
building:Facility(bno=10, building=building10)
status:false
temperature35.1
mno:Member(mno=31, name=null, phone=null)
building:Facility(bno=10, building=building10)
status:true
temperature35.1
mno:Member(mno=31, name=null, phone=null)
building:Facility(bno=10, building=building10)
status:false
temperature36.9
mno:Member(mno=31, name=null, phone=null)
building:Facility(bno=10, building=building10)
status:true
temperature36.7
mno:Member(mno=31, name=null, phone=null)
building:Facility(bno=10, building=building10)
status:false
temperature36.0
mno:Member(mno=31, name=null, phone=null)
building:Facility(bno=6, building=building6)
status:true
temperature35.4
mno:Member(mno=31, name=null, phone=null)
building:Facility(bno=2, building=building2)
status:true
temperature36.7
mno:Member(mno=31, name=null, phone=null)
building:Facility(bno=2, building=building2)
status:false
temperature36.8
mno:Member(mno=31, name=null, phone=null)
building:Facility(bno=9, building=building9)
status:true
temperature35.4
mno:Member(mno=31, name=null, phone=null)
building:Facility(bno=9, building=building9)
status:false
temperature36.0
mno:Member(mno=31, name=null, phone=null)
building:Facility(bno=3, building=building3)
status:true
temperature37.2
mno:Member(mno=31, name=null, phone=null)
building:Facility(bno=3, building=building3)
status:false
temperature36.7
mno:Member(mno=31, name=null, phone=null)
building:Facility(bno=9, building=building9)
status:true
temperature35.2
mno:Member(mno=31, name=null, phone=null)
building:Facility(bno=9, building=building9)
status:false
temperature36.9
mno:Member(mno=31, name=null, phone=null)
building:Facility(bno=10, building=building10)
status:true
temperature36.7
mno:Member(mno=31, name=null, phone=null)
building:Facility(bno=10, building=building10)
status:false
temperature37.0
mno:Member(mno=31, name=null, phone=null)
building:Facility(bno=10, building=building10)
status:true
temperature36.9
mno:Member(mno=31, name=null, phone=null)
building:Facility(bno=10, building=building10)
status:false
temperature35.1
mno:Member(mno=31, name=null, phone=null)
building:Facility(bno=10, building=building10)
status:true
temperature35.1
mno:Member(mno=31, name=null, phone=null)
building:Facility(bno=10, building=building10)
status:false
temperature36.9
mno:Member(mno=31, name=null, phone=null)
building:Facility(bno=10, building=building10)
status:true
temperature36.7
mno:Member(mno=31, name=null, phone=null)
building:Facility(bno=10, building=building10)
status:false
temperature36.0
mno:Member(mno=31, name=null, phone=null)
building:Facility(bno=6, building=building6)
status:true
temperature35.4
mno:Member(mno=31, name=null, phone=null)
building:Facility(bno=6, building=building6)
status:false
temperature36.6
2021-08-28 20:59:24.867  INFO 24624 --- [    Test worker] o.s.t.c.transaction.TransactionContext   : Committed transaction for test: [DefaultTestContext@7b1db1b3 testClass = DemoData, testInstance = org.morgorithm.frames.demo.DemoData@1a0e0624, testMethod = insertStatusData@DemoData, testException = [null], mergedContextConfiguration = [WebMergedContextConfiguration@6e23ba4a testClass = DemoData, locations = '{}', classes = '{class org.morgorithm.frames.FramesApplication}', contextInitializerClasses = '[]', activeProfiles = '{}', propertySourceLocations = '{}', propertySourceProperties = '{org.springframework.boot.test.context.SpringBootTestContextBootstrapper=true}', contextCustomizers = set[org.springframework.boot.test.autoconfigure.actuate.metrics.MetricsExportContextCustomizerFactory$DisableMetricExportContextCustomizer@3f595303, org.springframework.boot.test.autoconfigure.properties.PropertyMappingContextCustomizer@0, org.springframework.boot.test.autoconfigure.web.servlet.WebDriverContextCustomizerFactory$Customizer@39ee31a9, org.springframework.boot.test.context.filter.ExcludeFilterContextCustomizer@7ebeb87e, org.springframework.boot.test.json.DuplicateJsonObjectContextCustomizerFactory$DuplicateJsonObjectContextCustomizer@4fb4f81a, org.springframework.boot.test.mock.mockito.MockitoContextCustomizer@0, org.springframework.boot.test.web.client.TestRestTemplateContextCustomizer@4c51a21a, org.springframework.boot.test.context.SpringBootTestArgs@1, org.springframework.boot.test.context.SpringBootTestWebEnvironment@11d6dc05], resourceBasePath = 'src/main/webapp', contextLoader = 'org.springframework.boot.test.context.SpringBootContextLoader', parent = [null]], attributes = map['org.springframework.test.context.web.ServletTestExecutionListener.activateListener' -> true, 'org.springframework.test.context.web.ServletTestExecutionListener.populatedRequestContextHolder' -> true, 'org.springframework.test.context.web.ServletTestExecutionListener.resetRequestContextHolder' -> true, 'org.springframework.test.context.event.ApplicationEventsTestExecutionListener.recordApplicationEvents' -> false]]
]]></system-out>
  <system-err><![CDATA[]]></system-err>
</testsuite>
